mode: set
github.com/startreedata/startree-grafana-pinot-datasource/cmd/release/main.go:46.19,48.2 1 0
github.com/startreedata/startree-grafana-pinot-datasource/cmd/release/main.go:50.13,51.22 1 0
github.com/startreedata/startree-grafana-pinot-datasource/cmd/release/main.go:51.22,54.3 2 0
github.com/startreedata/startree-grafana-pinot-datasource/cmd/release/main.go:56.2,58.38 2 0
github.com/startreedata/startree-grafana-pinot-datasource/cmd/release/main.go:59.16,60.41 1 0
github.com/startreedata/startree-grafana-pinot-datasource/cmd/release/main.go:62.16,64.41 2 0
github.com/startreedata/startree-grafana-pinot-datasource/cmd/release/main.go:66.21,67.30 1 0
github.com/startreedata/startree-grafana-pinot-datasource/cmd/release/main.go:69.23,70.63 1 0
github.com/startreedata/startree-grafana-pinot-datasource/cmd/release/main.go:72.17,73.46 1 0
github.com/startreedata/startree-grafana-pinot-datasource/cmd/release/main.go:75.14,76.30 1 0
github.com/startreedata/startree-grafana-pinot-datasource/cmd/release/main.go:78.23,79.32 1 0
github.com/startreedata/startree-grafana-pinot-datasource/cmd/release/main.go:81.10,83.13 2 0
github.com/startreedata/startree-grafana-pinot-datasource/cmd/release/main.go:99.50,114.2 10 0
github.com/startreedata/startree-grafana-pinot-datasource/cmd/release/main.go:116.59,130.2 10 0
github.com/startreedata/startree-grafana-pinot-datasource/cmd/release/main.go:132.39,135.41 2 0
github.com/startreedata/startree-grafana-pinot-datasource/cmd/release/main.go:135.41,138.3 2 0
github.com/startreedata/startree-grafana-pinot-datasource/cmd/release/main.go:140.2,156.31 10 0
github.com/startreedata/startree-grafana-pinot-datasource/cmd/release/main.go:159.55,164.42 4 0
github.com/startreedata/startree-grafana-pinot-datasource/cmd/release/main.go:164.42,168.3 3 0
github.com/startreedata/startree-grafana-pinot-datasource/cmd/release/main.go:170.2,173.32 4 0
github.com/startreedata/startree-grafana-pinot-datasource/cmd/release/main.go:174.16,175.8 1 0
github.com/startreedata/startree-grafana-pinot-datasource/cmd/release/main.go:176.10,177.9 1 0
github.com/startreedata/startree-grafana-pinot-datasource/cmd/release/main.go:180.2,183.39 4 0
github.com/startreedata/startree-grafana-pinot-datasource/cmd/release/main.go:186.58,189.2 2 0
github.com/startreedata/startree-grafana-pinot-datasource/cmd/release/main.go:191.58,195.2 3 0
github.com/startreedata/startree-grafana-pinot-datasource/cmd/release/main.go:197.53,198.28 1 0
github.com/startreedata/startree-grafana-pinot-datasource/cmd/release/main.go:198.28,200.3 1 0
github.com/startreedata/startree-grafana-pinot-datasource/cmd/release/main.go:202.2,203.16 2 0
github.com/startreedata/startree-grafana-pinot-datasource/cmd/release/main.go:203.16,205.3 1 0
github.com/startreedata/startree-grafana-pinot-datasource/cmd/release/main.go:206.2,206.15 1 0
github.com/startreedata/startree-grafana-pinot-datasource/cmd/release/main.go:206.15,206.44 1 0
github.com/startreedata/startree-grafana-pinot-datasource/cmd/release/main.go:208.2,213.24 3 0
github.com/startreedata/startree-grafana-pinot-datasource/cmd/release/main.go:213.24,215.3 1 0
github.com/startreedata/startree-grafana-pinot-datasource/cmd/release/main.go:217.2,218.25 2 0
github.com/startreedata/startree-grafana-pinot-datasource/cmd/release/main.go:221.59,222.34 1 0
github.com/startreedata/startree-grafana-pinot-datasource/cmd/release/main.go:222.34,224.3 1 0
github.com/startreedata/startree-grafana-pinot-datasource/cmd/release/main.go:226.2,230.19 5 0
github.com/startreedata/startree-grafana-pinot-datasource/cmd/release/main.go:230.19,232.3 1 0
github.com/startreedata/startree-grafana-pinot-datasource/cmd/release/main.go:233.2,234.31 2 0
github.com/startreedata/startree-grafana-pinot-datasource/cmd/release/main.go:237.55,238.30 1 0
github.com/startreedata/startree-grafana-pinot-datasource/cmd/release/main.go:238.30,240.3 1 0
github.com/startreedata/startree-grafana-pinot-datasource/cmd/release/main.go:242.2,243.28 2 0
github.com/startreedata/startree-grafana-pinot-datasource/cmd/release/main.go:243.28,245.3 1 0
github.com/startreedata/startree-grafana-pinot-datasource/cmd/release/main.go:246.2,247.25 2 0
github.com/startreedata/startree-grafana-pinot-datasource/cmd/release/main.go:250.71,251.43 1 0
github.com/startreedata/startree-grafana-pinot-datasource/cmd/release/main.go:251.43,253.3 1 0
github.com/startreedata/startree-grafana-pinot-datasource/cmd/release/main.go:254.2,255.17 2 0
github.com/startreedata/startree-grafana-pinot-datasource/cmd/release/main.go:255.17,257.3 1 0
github.com/startreedata/startree-grafana-pinot-datasource/cmd/release/main.go:258.2,259.40 2 0
github.com/startreedata/startree-grafana-pinot-datasource/cmd/release/main.go:262.59,263.52 1 0
github.com/startreedata/startree-grafana-pinot-datasource/cmd/release/main.go:263.52,265.3 1 0
github.com/startreedata/startree-grafana-pinot-datasource/cmd/release/main.go:268.50,269.25 1 0
github.com/startreedata/startree-grafana-pinot-datasource/cmd/release/main.go:269.25,271.3 1 0
github.com/startreedata/startree-grafana-pinot-datasource/cmd/release/main.go:273.2,274.23 2 0
github.com/startreedata/startree-grafana-pinot-datasource/cmd/release/main.go:274.23,276.3 1 0
github.com/startreedata/startree-grafana-pinot-datasource/cmd/release/main.go:277.2,277.65 1 0
github.com/startreedata/startree-grafana-pinot-datasource/cmd/release/main.go:277.65,279.3 1 0
github.com/startreedata/startree-grafana-pinot-datasource/cmd/release/main.go:280.2,281.22 2 0
github.com/startreedata/startree-grafana-pinot-datasource/cmd/release/main.go:284.50,288.16 3 0
github.com/startreedata/startree-grafana-pinot-datasource/cmd/release/main.go:288.16,290.3 1 0
github.com/startreedata/startree-grafana-pinot-datasource/cmd/release/main.go:292.2,293.46 2 0
github.com/startreedata/startree-grafana-pinot-datasource/cmd/release/main.go:293.46,295.3 1 0
github.com/startreedata/startree-grafana-pinot-datasource/cmd/release/main.go:296.2,308.16 11 0
github.com/startreedata/startree-grafana-pinot-datasource/cmd/release/main.go:308.16,310.3 1 0
github.com/startreedata/startree-grafana-pinot-datasource/cmd/release/main.go:311.2,311.15 1 0
github.com/startreedata/startree-grafana-pinot-datasource/cmd/release/main.go:311.15,311.49 1 0
github.com/startreedata/startree-grafana-pinot-datasource/cmd/release/main.go:313.2,313.43 1 0
github.com/startreedata/startree-grafana-pinot-datasource/cmd/release/main.go:313.43,315.3 1 0
github.com/startreedata/startree-grafana-pinot-datasource/cmd/release/main.go:317.2,317.39 1 0
github.com/startreedata/startree-grafana-pinot-datasource/cmd/release/main.go:320.56,326.16 4 0
github.com/startreedata/startree-grafana-pinot-datasource/cmd/release/main.go:326.16,328.3 1 0
github.com/startreedata/startree-grafana-pinot-datasource/cmd/release/main.go:329.2,329.15 1 0
github.com/startreedata/startree-grafana-pinot-datasource/cmd/release/main.go:329.15,329.49 1 0
github.com/startreedata/startree-grafana-pinot-datasource/cmd/release/main.go:331.2,331.38 1 0
github.com/startreedata/startree-grafana-pinot-datasource/cmd/release/main.go:331.38,333.3 1 0
github.com/startreedata/startree-grafana-pinot-datasource/cmd/release/main.go:335.2,336.16 2 0
github.com/startreedata/startree-grafana-pinot-datasource/cmd/release/main.go:336.16,338.3 1 0
github.com/startreedata/startree-grafana-pinot-datasource/cmd/release/main.go:339.2,339.15 1 0
github.com/startreedata/startree-grafana-pinot-datasource/cmd/release/main.go:339.15,339.44 1 0
github.com/startreedata/startree-grafana-pinot-datasource/cmd/release/main.go:341.2,341.51 1 0
github.com/startreedata/startree-grafana-pinot-datasource/cmd/release/main.go:341.51,343.3 1 0
github.com/startreedata/startree-grafana-pinot-datasource/cmd/release/main.go:345.2,347.70 2 0
github.com/startreedata/startree-grafana-pinot-datasource/cmd/release/main.go:350.65,354.16 3 0
github.com/startreedata/startree-grafana-pinot-datasource/cmd/release/main.go:354.16,356.3 1 0
github.com/startreedata/startree-grafana-pinot-datasource/cmd/release/main.go:357.2,357.15 1 0
github.com/startreedata/startree-grafana-pinot-datasource/cmd/release/main.go:357.15,357.49 1 0
github.com/startreedata/startree-grafana-pinot-datasource/cmd/release/main.go:359.2,359.38 1 0
github.com/startreedata/startree-grafana-pinot-datasource/cmd/release/main.go:359.38,361.3 1 0
github.com/startreedata/startree-grafana-pinot-datasource/cmd/release/main.go:361.8,361.51 1 0
github.com/startreedata/startree-grafana-pinot-datasource/cmd/release/main.go:361.51,363.3 1 0
github.com/startreedata/startree-grafana-pinot-datasource/cmd/release/main.go:363.8,366.3 2 0
github.com/startreedata/startree-grafana-pinot-datasource/cmd/release/main.go:369.87,372.16 3 0
github.com/startreedata/startree-grafana-pinot-datasource/cmd/release/main.go:372.16,374.3 1 0
github.com/startreedata/startree-grafana-pinot-datasource/cmd/release/main.go:375.2,375.15 1 0
github.com/startreedata/startree-grafana-pinot-datasource/cmd/release/main.go:375.15,375.44 1 0
github.com/startreedata/startree-grafana-pinot-datasource/cmd/release/main.go:377.2,378.47 2 0
github.com/startreedata/startree-grafana-pinot-datasource/cmd/release/main.go:378.47,380.3 1 0
github.com/startreedata/startree-grafana-pinot-datasource/cmd/release/main.go:381.2,382.38 2 0
github.com/startreedata/startree-grafana-pinot-datasource/cmd/release/main.go:382.38,384.3 1 0
github.com/startreedata/startree-grafana-pinot-datasource/cmd/release/main.go:385.2,385.41 1 0
github.com/startreedata/startree-grafana-pinot-datasource/cmd/release/main.go:388.106,394.2 5 0
github.com/startreedata/startree-grafana-pinot-datasource/cmd/release/main.go:396.79,399.2 2 0
github.com/startreedata/startree-grafana-pinot-datasource/cmd/release/main.go:401.65,403.2 1 0
github.com/startreedata/startree-grafana-pinot-datasource/cmd/release/main.go:405.40,410.2 4 0
github.com/startreedata/startree-grafana-pinot-datasource/cmd/release/main.go:412.41,415.2 2 0
github.com/startreedata/startree-grafana-pinot-datasource/cmd/release/main.go:417.42,420.2 2 0
github.com/startreedata/startree-grafana-pinot-datasource/cmd/release/main.go:422.50,427.2 4 0
github.com/startreedata/startree-grafana-pinot-datasource/cmd/release/main.go:429.56,433.2 2 0
github.com/startreedata/startree-grafana-pinot-datasource/cmd/release/main.go:435.49,441.2 5 0
github.com/startreedata/startree-grafana-pinot-datasource/cmd/release/main.go:443.51,444.26 1 0
github.com/startreedata/startree-grafana-pinot-datasource/cmd/release/main.go:444.26,446.3 1 0
github.com/startreedata/startree-grafana-pinot-datasource/cmd/release/main.go:448.2,448.38 1 0
github.com/startreedata/startree-grafana-pinot-datasource/cmd/release/main.go:448.38,450.3 1 0
github.com/startreedata/startree-grafana-pinot-datasource/cmd/release/main.go:450.8,452.3 1 0
github.com/startreedata/startree-grafana-pinot-datasource/cmd/release/main.go:453.2,453.23 1 0
github.com/startreedata/startree-grafana-pinot-datasource/cmd/release/main.go:456.60,457.43 1 0
github.com/startreedata/startree-grafana-pinot-datasource/cmd/release/main.go:457.43,459.3 1 0
github.com/startreedata/startree-grafana-pinot-datasource/cmd/release/main.go:459.8,461.3 1 0
github.com/startreedata/startree-grafana-pinot-datasource/cmd/release/main.go:464.51,465.33 1 0
github.com/startreedata/startree-grafana-pinot-datasource/cmd/release/main.go:465.33,467.3 1 0
github.com/startreedata/startree-grafana-pinot-datasource/cmd/release/main.go:469.2,482.34 5 0
github.com/startreedata/startree-grafana-pinot-datasource/cmd/release/main.go:482.34,484.78 2 0
github.com/startreedata/startree-grafana-pinot-datasource/cmd/release/main.go:484.78,488.4 3 0
github.com/startreedata/startree-grafana-pinot-datasource/cmd/release/main.go:490.2,491.11 2 0
github.com/startreedata/startree-grafana-pinot-datasource/cmd/release/main.go:496.83,504.2 5 0
github.com/startreedata/startree-grafana-pinot-datasource/cmd/release/main.go:506.78,524.71 6 0
github.com/startreedata/startree-grafana-pinot-datasource/cmd/release/main.go:524.71,525.26 1 0
github.com/startreedata/startree-grafana-pinot-datasource/cmd/release/main.go:525.26,526.12 1 0
github.com/startreedata/startree-grafana-pinot-datasource/cmd/release/main.go:528.3,528.82 1 0
github.com/startreedata/startree-grafana-pinot-datasource/cmd/release/main.go:530.2,530.98 1 0
github.com/startreedata/startree-grafana-pinot-datasource/cmd/release/main.go:533.74,564.2 2 0
github.com/startreedata/startree-grafana-pinot-datasource/cmd/release/main.go:566.66,569.29 3 0
github.com/startreedata/startree-grafana-pinot-datasource/cmd/release/main.go:569.29,570.62 1 0
github.com/startreedata/startree-grafana-pinot-datasource/cmd/release/main.go:570.62,572.4 1 0
github.com/startreedata/startree-grafana-pinot-datasource/cmd/release/main.go:574.2,574.14 1 0
github.com/startreedata/startree-grafana-pinot-datasource/cmd/release/main.go:577.68,588.2 1 0
github.com/startreedata/startree-grafana-pinot-datasource/cmd/release/main.go:590.49,594.2 3 0
github.com/startreedata/startree-grafana-pinot-datasource/cmd/release/main.go:596.63,597.38 1 0
github.com/startreedata/startree-grafana-pinot-datasource/cmd/release/main.go:597.38,599.3 1 0
github.com/startreedata/startree-grafana-pinot-datasource/cmd/release/main.go:601.2,613.64 7 0
github.com/startreedata/startree-grafana-pinot-datasource/cmd/release/main.go:613.64,615.44 2 0
github.com/startreedata/startree-grafana-pinot-datasource/cmd/release/main.go:615.44,616.12 1 0
github.com/startreedata/startree-grafana-pinot-datasource/cmd/release/main.go:618.3,619.23 2 0
github.com/startreedata/startree-grafana-pinot-datasource/cmd/release/main.go:619.23,621.4 1 0
github.com/startreedata/startree-grafana-pinot-datasource/cmd/release/main.go:622.3,622.8 1 0
github.com/startreedata/startree-grafana-pinot-datasource/cmd/release/main.go:625.2,625.19 1 0
github.com/startreedata/startree-grafana-pinot-datasource/cmd/release/main.go:625.19,627.3 1 0
github.com/startreedata/startree-grafana-pinot-datasource/cmd/release/main.go:628.2,632.35 4 0
github.com/startreedata/startree-grafana-pinot-datasource/cmd/release/main.go:635.59,636.38 1 0
github.com/startreedata/startree-grafana-pinot-datasource/cmd/release/main.go:636.38,638.3 1 0
github.com/startreedata/startree-grafana-pinot-datasource/cmd/release/main.go:638.8,640.3 1 0
github.com/startreedata/startree-grafana-pinot-datasource/cmd/release/main.go:643.70,648.2 3 0
github.com/startreedata/startree-grafana-pinot-datasource/cmd/release/main.go:650.44,653.22 3 0
github.com/startreedata/startree-grafana-pinot-datasource/cmd/release/main.go:653.22,655.3 1 0
github.com/startreedata/startree-grafana-pinot-datasource/cmd/release/main.go:657.2,658.28 2 0
github.com/startreedata/startree-grafana-pinot-datasource/cmd/release/main.go:658.28,661.14 3 0
github.com/startreedata/startree-grafana-pinot-datasource/cmd/release/main.go:661.14,663.4 1 0
github.com/startreedata/startree-grafana-pinot-datasource/cmd/release/main.go:665.2,667.29 2 0
github.com/startreedata/startree-grafana-pinot-datasource/cmd/release/main.go:667.29,668.41 1 0
github.com/startreedata/startree-grafana-pinot-datasource/cmd/release/main.go:668.41,670.4 1 0
github.com/startreedata/startree-grafana-pinot-datasource/cmd/release/main.go:673.2,673.24 1 0
github.com/startreedata/startree-grafana-pinot-datasource/cmd/release/main.go:673.24,675.3 1 0
github.com/startreedata/startree-grafana-pinot-datasource/cmd/release/main.go:677.2,677.17 1 0
github.com/startreedata/startree-grafana-pinot-datasource/cmd/release/main.go:680.80,685.34 5 0
github.com/startreedata/startree-grafana-pinot-datasource/cmd/release/main.go:685.34,687.3 1 0
github.com/startreedata/startree-grafana-pinot-datasource/cmd/release/main.go:690.50,691.58 1 0
github.com/startreedata/startree-grafana-pinot-datasource/cmd/release/main.go:691.58,693.3 1 0
github.com/startreedata/startree-grafana-pinot-datasource/cmd/release/main.go:696.50,697.58 1 0
github.com/startreedata/startree-grafana-pinot-datasource/cmd/release/main.go:697.58,699.3 1 0
github.com/startreedata/startree-grafana-pinot-datasource/cmd/release/main.go:702.29,703.43 1 0
github.com/startreedata/startree-grafana-pinot-datasource/cmd/release/main.go:703.43,705.3 1 0
github.com/startreedata/startree-grafana-pinot-datasource/cmd/release/main.go:708.49,709.52 1 0
github.com/startreedata/startree-grafana-pinot-datasource/cmd/release/main.go:709.52,711.3 1 0
github.com/startreedata/startree-grafana-pinot-datasource/cmd/release/main.go:714.29,715.16 1 0
github.com/startreedata/startree-grafana-pinot-datasource/cmd/release/main.go:715.16,718.3 2 0
github.com/startreedata/startree-grafana-pinot-datasource/cmd/testsetup/main.go:5.13,7.2 1 0
github.com/startreedata/startree-grafana-pinot-datasource/pkg/main.go:11.13,20.118 1 0
github.com/startreedata/startree-grafana-pinot-datasource/pkg/main.go:20.118,23.3 2 0
github.com/startreedata/startree-grafana-pinot-datasource/pkg/plugin/pinotlib/pinottest/setup.go:39.25,40.33 1 0
github.com/startreedata/startree-grafana-pinot-datasource/pkg/plugin/pinotlib/pinottest/setup.go:40.33,92.42 6 0
github.com/startreedata/startree-grafana-pinot-datasource/pkg/plugin/pinotlib/pinottest/setup.go:92.42,94.36 2 0
github.com/startreedata/startree-grafana-pinot-datasource/pkg/plugin/pinotlib/pinottest/setup.go:94.36,98.5 3 0
github.com/startreedata/startree-grafana-pinot-datasource/pkg/plugin/pinotlib/pinottest/setup.go:99.4,99.35 1 0
github.com/startreedata/startree-grafana-pinot-datasource/pkg/plugin/pinotlib/pinottest/setup.go:99.35,102.5 2 0
github.com/startreedata/startree-grafana-pinot-datasource/pkg/plugin/pinotlib/pinottest/setup.go:103.4,103.60 1 0
github.com/startreedata/startree-grafana-pinot-datasource/pkg/plugin/pinotlib/pinottest/setup.go:103.60,109.42 4 0
github.com/startreedata/startree-grafana-pinot-datasource/pkg/plugin/pinotlib/pinottest/setup.go:109.42,113.28 4 0
github.com/startreedata/startree-grafana-pinot-datasource/pkg/plugin/pinotlib/pinottest/setup.go:113.28,114.35 1 0
github.com/startreedata/startree-grafana-pinot-datasource/pkg/plugin/pinotlib/pinottest/setup.go:116.6,118.79 3 0
github.com/startreedata/startree-grafana-pinot-datasource/pkg/plugin/pinotlib/pinottest/setup.go:123.3,123.28 1 0
github.com/startreedata/startree-grafana-pinot-datasource/pkg/plugin/pinotlib/pinottest/setup.go:123.28,125.4 1 0
github.com/startreedata/startree-grafana-pinot-datasource/pkg/plugin/pinotlib/pinottest/setup.go:126.3,128.39 2 0
github.com/startreedata/startree-grafana-pinot-datasource/pkg/plugin/pinotlib/pinottest/setup.go:132.70,139.6 5 0
github.com/startreedata/startree-grafana-pinot-datasource/pkg/plugin/pinotlib/pinottest/setup.go:139.6,142.35 3 0
github.com/startreedata/startree-grafana-pinot-datasource/pkg/plugin/pinotlib/pinottest/setup.go:142.35,143.38 1 0
github.com/startreedata/startree-grafana-pinot-datasource/pkg/plugin/pinotlib/pinottest/setup.go:143.38,145.5 1 0
github.com/startreedata/startree-grafana-pinot-datasource/pkg/plugin/pinotlib/pinottest/setup.go:147.3,147.36 1 0
github.com/startreedata/startree-grafana-pinot-datasource/pkg/plugin/pinotlib/pinottest/setup.go:147.36,149.4 1 0
github.com/startreedata/startree-grafana-pinot-datasource/pkg/plugin/pinotlib/pinottest/setup.go:151.3,151.10 1 0
github.com/startreedata/startree-grafana-pinot-datasource/pkg/plugin/pinotlib/pinottest/setup.go:152.26,153.74 1 0
github.com/startreedata/startree-grafana-pinot-datasource/pkg/plugin/pinotlib/pinottest/setup.go:154.23,154.23 0 0
github.com/startreedata/startree-grafana-pinot-datasource/pkg/plugin/pinotlib/pinottest/setup.go:159.110,166.6 5 0
github.com/startreedata/startree-grafana-pinot-datasource/pkg/plugin/pinotlib/pinottest/setup.go:166.6,168.35 2 0
github.com/startreedata/startree-grafana-pinot-datasource/pkg/plugin/pinotlib/pinottest/setup.go:168.35,169.82 1 0
github.com/startreedata/startree-grafana-pinot-datasource/pkg/plugin/pinotlib/pinottest/setup.go:169.82,171.5 1 0
github.com/startreedata/startree-grafana-pinot-datasource/pkg/plugin/pinotlib/pinottest/setup.go:174.3,174.10 1 0
github.com/startreedata/startree-grafana-pinot-datasource/pkg/plugin/pinotlib/pinottest/setup.go:175.26,176.99 1 0
github.com/startreedata/startree-grafana-pinot-datasource/pkg/plugin/pinotlib/pinottest/setup.go:177.23,177.23 0 0
github.com/startreedata/startree-grafana-pinot-datasource/pkg/plugin/pinotlib/pinottest/setup.go:182.53,195.20 10 0
github.com/startreedata/startree-grafana-pinot-datasource/pkg/plugin/pinotlib/pinottest/setup.go:195.20,196.70 1 0
github.com/startreedata/startree-grafana-pinot-datasource/pkg/plugin/pinotlib/pinottest/setup.go:198.2,198.24 1 0
github.com/startreedata/startree-grafana-pinot-datasource/pkg/plugin/pinotlib/pinottest/setup.go:206.66,216.2 9 0
github.com/startreedata/startree-grafana-pinot-datasource/pkg/plugin/pinotlib/pinottest/setup.go:218.38,226.2 6 0
github.com/startreedata/startree-grafana-pinot-datasource/pkg/plugin/pinotlib/pinottest/setup.go:228.54,234.2 4 0
github.com/startreedata/startree-grafana-pinot-datasource/pkg/plugin/pinotlib/pinottest/setup.go:236.32,237.16 1 0
github.com/startreedata/startree-grafana-pinot-datasource/pkg/plugin/pinotlib/pinottest/setup.go:237.16,238.13 1 0
github.com/startreedata/startree-grafana-pinot-datasource/pkg/plugin/pinotlib/pinottest/setup.go:242.42,249.25 5 0
github.com/startreedata/startree-grafana-pinot-datasource/pkg/plugin/pinotlib/pinottest/setup.go:249.25,254.17 5 0
github.com/startreedata/startree-grafana-pinot-datasource/pkg/plugin/pinotlib/pinottest/setup.go:254.17,256.4 1 0
github.com/startreedata/startree-grafana-pinot-datasource/pkg/plugin/pinotlib/pinottest/setup.go:257.3,259.39 2 0
github.com/startreedata/startree-grafana-pinot-datasource/pkg/plugin/pinotlib/pinottest/setup.go:259.39,261.4 1 0
github.com/startreedata/startree-grafana-pinot-datasource/pkg/plugin/pinotlib/pinottest/setup.go:262.3,270.47 6 0
github.com/startreedata/startree-grafana-pinot-datasource/pkg/plugin/pinotlib/pinottest/setup.go:270.47,271.11 1 0
github.com/startreedata/startree-grafana-pinot-datasource/pkg/plugin/pinotlib/pinottest/setup.go:272.51,273.25 1 0
github.com/startreedata/startree-grafana-pinot-datasource/pkg/plugin/pinotlib/pinottest/setup.go:274.47,275.21 1 0
github.com/startreedata/startree-grafana-pinot-datasource/pkg/plugin/pinotlib/pinottest/setup.go:276.47,277.21 1 0
github.com/startreedata/startree-grafana-pinot-datasource/pkg/plugin/pinotlib/pinottest/setup.go:280.3,280.49 1 0
github.com/startreedata/startree-grafana-pinot-datasource/pkg/plugin/pinotlib/pinottest/setup.go:283.2,283.15 1 0
github.com/startreedata/startree-grafana-pinot-datasource/pkg/plugin/pinotlib/pinottest/setup.go:283.15,285.3 1 0
github.com/startreedata/startree-grafana-pinot-datasource/pkg/plugin/pinotlib/pinottest/setup.go:286.2,287.6 2 0
github.com/startreedata/startree-grafana-pinot-datasource/pkg/plugin/pinotlib/pinottest/setup.go:287.6,288.10 1 0
github.com/startreedata/startree-grafana-pinot-datasource/pkg/plugin/pinotlib/pinottest/setup.go:289.26,290.40 1 0
github.com/startreedata/startree-grafana-pinot-datasource/pkg/plugin/pinotlib/pinottest/setup.go:291.23,292.17 1 0
github.com/startreedata/startree-grafana-pinot-datasource/pkg/plugin/pinotlib/pinottest/setup.go:292.17,294.5 1 0
github.com/startreedata/startree-grafana-pinot-datasource/pkg/plugin/pinotlib/pinottest/setup.go:299.43,307.80 6 0
github.com/startreedata/startree-grafana-pinot-datasource/pkg/plugin/pinotlib/pinottest/setup.go:307.80,308.68 1 0
github.com/startreedata/startree-grafana-pinot-datasource/pkg/plugin/pinotlib/pinottest/setup.go:310.2,310.41 1 0
github.com/startreedata/startree-grafana-pinot-datasource/pkg/plugin/pinotlib/pinottest/setup.go:313.43,336.2 17 0
github.com/startreedata/startree-grafana-pinot-datasource/pkg/plugin/pinotlib/pinottest/setup.go:338.67,345.25 5 0
github.com/startreedata/startree-grafana-pinot-datasource/pkg/plugin/pinotlib/pinottest/setup.go:345.25,352.3 6 0
github.com/startreedata/startree-grafana-pinot-datasource/pkg/plugin/pinotlib/pinottest/setup.go:354.2,354.15 1 0
github.com/startreedata/startree-grafana-pinot-datasource/pkg/plugin/pinotlib/pinottest/setup.go:354.15,356.3 1 0
github.com/startreedata/startree-grafana-pinot-datasource/pkg/plugin/pinotlib/pinottest/setup.go:357.2,357.6 1 0
github.com/startreedata/startree-grafana-pinot-datasource/pkg/plugin/pinotlib/pinottest/setup.go:357.6,358.10 1 0
github.com/startreedata/startree-grafana-pinot-datasource/pkg/plugin/pinotlib/pinottest/setup.go:359.26,360.69 1 0
github.com/startreedata/startree-grafana-pinot-datasource/pkg/plugin/pinotlib/pinottest/setup.go:361.23,362.17 1 0
github.com/startreedata/startree-grafana-pinot-datasource/pkg/plugin/pinotlib/pinottest/setup.go:362.17,364.5 1 0
github.com/startreedata/startree-grafana-pinot-datasource/pkg/plugin/pinotlib/pinottest/setup.go:369.41,377.80 6 0
github.com/startreedata/startree-grafana-pinot-datasource/pkg/plugin/pinotlib/pinottest/setup.go:377.80,378.68 1 0
github.com/startreedata/startree-grafana-pinot-datasource/pkg/plugin/pinotlib/pinottest/setup.go:380.2,380.41 1 0
github.com/startreedata/startree-grafana-pinot-datasource/pkg/plugin/pinotlib/pinottest/setup.go:383.43,384.33 1 0
github.com/startreedata/startree-grafana-pinot-datasource/pkg/plugin/pinotlib/pinottest/setup.go:384.33,401.3 12 0
github.com/startreedata/startree-grafana-pinot-datasource/pkg/plugin/pinotlib/pinottest/setup.go:403.2,405.25 3 0
github.com/startreedata/startree-grafana-pinot-datasource/pkg/plugin/pinotlib/pinottest/setup.go:405.25,407.28 2 0
github.com/startreedata/startree-grafana-pinot-datasource/pkg/plugin/pinotlib/pinottest/setup.go:407.28,409.4 1 0
github.com/startreedata/startree-grafana-pinot-datasource/pkg/plugin/pinotlib/pinottest/setup.go:411.2,411.27 1 0
github.com/startreedata/startree-grafana-pinot-datasource/pkg/plugin/pinotlib/pinottest/setup.go:411.27,412.66 1 0
github.com/startreedata/startree-grafana-pinot-datasource/pkg/plugin/pinotlib/pinottest/setup.go:416.42,439.38 11 0
github.com/startreedata/startree-grafana-pinot-datasource/pkg/plugin/pinotlib/pinottest/setup.go:439.38,440.89 1 0
github.com/startreedata/startree-grafana-pinot-datasource/pkg/plugin/pinotlib/pinottest/setup.go:442.2,444.44 2 0
github.com/startreedata/startree-grafana-pinot-datasource/pkg/plugin/pinotlib/pinottest/setup.go:447.69,481.2 23 0
github.com/startreedata/startree-grafana-pinot-datasource/pkg/plugin/pinotlib/pinottest/setup.go:483.43,484.38 1 0
github.com/startreedata/startree-grafana-pinot-datasource/pkg/plugin/pinotlib/pinottest/setup.go:484.38,486.85 2 0
github.com/startreedata/startree-grafana-pinot-datasource/pkg/plugin/pinotlib/pinottest/setup.go:490.34,492.2 1 0
github.com/startreedata/startree-grafana-pinot-datasource/pkg/plugin/test_helpers/test_helpers.go:10.68,19.2 4 0
github.com/startreedata/startree-grafana-pinot-datasource/pkg/plugin/collections/set.go:5.48,7.2 1 1
github.com/startreedata/startree-grafana-pinot-datasource/pkg/plugin/collections/set.go:9.30,11.2 1 1
github.com/startreedata/startree-grafana-pinot-datasource/pkg/plugin/collections/set.go:13.30,15.2 1 1
github.com/startreedata/startree-grafana-pinot-datasource/pkg/plugin/collections/set.go:17.40,20.2 2 1
github.com/startreedata/startree-grafana-pinot-datasource/pkg/plugin/collections/set.go:22.30,24.2 1 0
github.com/startreedata/startree-grafana-pinot-datasource/pkg/plugin/collections/set.go:26.27,28.2 1 1
github.com/startreedata/startree-grafana-pinot-datasource/pkg/plugin/collections/set.go:30.30,32.19 2 1
github.com/startreedata/startree-grafana-pinot-datasource/pkg/plugin/collections/set.go:32.19,34.3 1 1
github.com/startreedata/startree-grafana-pinot-datasource/pkg/plugin/collections/set.go:35.2,35.15 1 1
github.com/startreedata/startree-grafana-pinot-datasource/pkg/plugin/collections/set.go:38.31,40.31 2 0
github.com/startreedata/startree-grafana-pinot-datasource/pkg/plugin/collections/set.go:40.31,42.3 1 0
github.com/startreedata/startree-grafana-pinot-datasource/pkg/plugin/collections/set.go:43.2,43.10 1 0
github.com/startreedata/startree-grafana-pinot-datasource/pkg/plugin/collections/set.go:46.40,48.31 2 0
github.com/startreedata/startree-grafana-pinot-datasource/pkg/plugin/collections/set.go:48.31,50.3 1 0
github.com/startreedata/startree-grafana-pinot-datasource/pkg/plugin/collections/set.go:51.2,51.31 1 0
github.com/startreedata/startree-grafana-pinot-datasource/pkg/plugin/collections/set.go:51.31,53.3 1 0
github.com/startreedata/startree-grafana-pinot-datasource/pkg/plugin/collections/set.go:54.2,54.14 1 0
github.com/startreedata/startree-grafana-pinot-datasource/pkg/plugin/collections/set.go:57.47,59.31 2 0
github.com/startreedata/startree-grafana-pinot-datasource/pkg/plugin/collections/set.go:59.31,60.20 1 0
github.com/startreedata/startree-grafana-pinot-datasource/pkg/plugin/collections/set.go:60.20,62.4 1 0
github.com/startreedata/startree-grafana-pinot-datasource/pkg/plugin/collections/set.go:64.2,64.21 1 0
github.com/startreedata/startree-grafana-pinot-datasource/pkg/plugin/pinotlib/cache/resource_cache.go:15.67,20.2 1 1
github.com/startreedata/startree-grafana-pinot-datasource/pkg/plugin/pinotlib/cache/resource_cache.go:22.61,24.2 1 1
github.com/startreedata/startree-grafana-pinot-datasource/pkg/plugin/pinotlib/cache/resource_cache.go:32.94,37.2 1 0
github.com/startreedata/startree-grafana-pinot-datasource/pkg/plugin/pinotlib/cache/resource_cache.go:39.76,41.2 1 0
github.com/startreedata/startree-grafana-pinot-datasource/pkg/plugin/pinotlib/cache/resource_cache.go:43.67,46.43 3 0
github.com/startreedata/startree-grafana-pinot-datasource/pkg/plugin/pinotlib/cache/resource_cache.go:46.43,48.3 1 0
github.com/startreedata/startree-grafana-pinot-datasource/pkg/plugin/pinotlib/cache/resource_cache.go:49.2,49.23 1 0
github.com/startreedata/startree-grafana-pinot-datasource/pkg/plugin/pinotlib/cache/resource_cache.go:58.44,58.71 1 1
github.com/startreedata/startree-grafana-pinot-datasource/pkg/plugin/pinotlib/cache/resource_cache.go:60.80,64.35 3 1
github.com/startreedata/startree-grafana-pinot-datasource/pkg/plugin/pinotlib/cache/resource_cache.go:64.35,66.3 1 1
github.com/startreedata/startree-grafana-pinot-datasource/pkg/plugin/pinotlib/cache/resource_cache.go:68.2,69.16 2 1
github.com/startreedata/startree-grafana-pinot-datasource/pkg/plugin/pinotlib/cache/resource_cache.go:69.16,71.3 1 1
github.com/startreedata/startree-grafana-pinot-datasource/pkg/plugin/pinotlib/cache/resource_cache.go:73.2,75.17 3 1
github.com/startreedata/startree-grafana-pinot-datasource/pkg/plugin/templates/distinct_values_sql.go:30.78,31.22 1 1
github.com/startreedata/startree-grafana-pinot-datasource/pkg/plugin/templates/distinct_values_sql.go:31.22,33.3 1 1
github.com/startreedata/startree-grafana-pinot-datasource/pkg/plugin/templates/distinct_values_sql.go:34.2,34.50 1 1
github.com/startreedata/startree-grafana-pinot-datasource/pkg/plugin/templates/render.go:10.74,12.51 2 1
github.com/startreedata/startree-grafana-pinot-datasource/pkg/plugin/templates/render.go:12.51,14.3 1 0
github.com/startreedata/startree-grafana-pinot-datasource/pkg/plugin/templates/render.go:15.2,15.45 1 1
github.com/startreedata/startree-grafana-pinot-datasource/pkg/plugin/templates/single_metric_sql.go:36.74,38.2 1 1
github.com/startreedata/startree-grafana-pinot-datasource/pkg/plugin/templates/time_series_sql.go:49.70,51.2 1 1
github.com/startreedata/startree-grafana-pinot-datasource/pkg/plugin/dataquery/data_response.go:10.50,12.2 1 1
github.com/startreedata/startree-grafana-pinot-datasource/pkg/plugin/dataquery/data_response.go:14.109,15.26 1 1
github.com/startreedata/startree-grafana-pinot-datasource/pkg/plugin/dataquery/data_response.go:15.26,17.3 1 1
github.com/startreedata/startree-grafana-pinot-datasource/pkg/plugin/dataquery/data_response.go:17.8,19.3 1 1
github.com/startreedata/startree-grafana-pinot-datasource/pkg/plugin/dataquery/data_response.go:22.68,27.2 1 1
github.com/startreedata/startree-grafana-pinot-datasource/pkg/plugin/dataquery/data_response.go:29.111,36.2 1 1
github.com/startreedata/startree-grafana-pinot-datasource/pkg/plugin/dataquery/data_response.go:38.97,44.2 1 1
github.com/startreedata/startree-grafana-pinot-datasource/pkg/plugin/dataquery/data_response.go:46.61,48.2 1 1
github.com/startreedata/startree-grafana-pinot-datasource/pkg/plugin/dataquery/data_response.go:50.65,52.2 1 1
github.com/startreedata/startree-grafana-pinot-datasource/pkg/plugin/dataquery/data_response.go:54.95,56.2 1 1
github.com/startreedata/startree-grafana-pinot-datasource/pkg/plugin/dataquery/data_response.go:58.110,64.2 1 1
github.com/startreedata/startree-grafana-pinot-datasource/pkg/plugin/dataquery/dimension_filter.go:23.58,25.33 2 1
github.com/startreedata/startree-grafana-pinot-datasource/pkg/plugin/dataquery/dimension_filter.go:25.33,26.86 1 1
github.com/startreedata/startree-grafana-pinot-datasource/pkg/plugin/dataquery/dimension_filter.go:26.86,27.12 1 1
github.com/startreedata/startree-grafana-pinot-datasource/pkg/plugin/dataquery/dimension_filter.go:29.3,30.17 2 1
github.com/startreedata/startree-grafana-pinot-datasource/pkg/plugin/dataquery/dimension_filter.go:30.17,31.12 1 1
github.com/startreedata/startree-grafana-pinot-datasource/pkg/plugin/dataquery/dimension_filter.go:33.3,33.30 1 1
github.com/startreedata/startree-grafana-pinot-datasource/pkg/plugin/dataquery/dimension_filter.go:35.2,35.17 1 1
github.com/startreedata/startree-grafana-pinot-datasource/pkg/plugin/dataquery/dimension_filter.go:38.57,39.42 1 1
github.com/startreedata/startree-grafana-pinot-datasource/pkg/plugin/dataquery/dimension_filter.go:39.42,40.26 1 1
github.com/startreedata/startree-grafana-pinot-datasource/pkg/plugin/dataquery/dimension_filter.go:41.23,42.65 1 1
github.com/startreedata/startree-grafana-pinot-datasource/pkg/plugin/dataquery/dimension_filter.go:43.26,44.66 1 1
github.com/startreedata/startree-grafana-pinot-datasource/pkg/plugin/dataquery/dimension_filter.go:45.25,46.72 1 1
github.com/startreedata/startree-grafana-pinot-datasource/pkg/plugin/dataquery/dimension_filter.go:47.28,48.76 1 1
github.com/startreedata/startree-grafana-pinot-datasource/pkg/plugin/dataquery/dimension_filter.go:49.21,50.68 1 1
github.com/startreedata/startree-grafana-pinot-datasource/pkg/plugin/dataquery/dimension_filter.go:51.24,52.72 1 1
github.com/startreedata/startree-grafana-pinot-datasource/pkg/plugin/dataquery/dimension_filter.go:53.28,54.65 1 1
github.com/startreedata/startree-grafana-pinot-datasource/pkg/plugin/dataquery/dimension_filter.go:55.25,56.65 1 1
github.com/startreedata/startree-grafana-pinot-datasource/pkg/plugin/dataquery/dimension_filter.go:57.35,58.66 1 1
github.com/startreedata/startree-grafana-pinot-datasource/pkg/plugin/dataquery/dimension_filter.go:59.32,60.66 1 1
github.com/startreedata/startree-grafana-pinot-datasource/pkg/plugin/dataquery/dimension_filter.go:61.19,62.66 1 1
github.com/startreedata/startree-grafana-pinot-datasource/pkg/plugin/dataquery/dimension_filter.go:63.22,64.70 1 1
github.com/startreedata/startree-grafana-pinot-datasource/pkg/plugin/dataquery/dimension_filter.go:65.11,66.13 1 1
github.com/startreedata/startree-grafana-pinot-datasource/pkg/plugin/dataquery/dimension_filter.go:70.2,71.41 2 1
github.com/startreedata/startree-grafana-pinot-datasource/pkg/plugin/dataquery/dimension_filter.go:71.41,73.23 2 1
github.com/startreedata/startree-grafana-pinot-datasource/pkg/plugin/dataquery/dimension_filter.go:73.23,74.12 1 1
github.com/startreedata/startree-grafana-pinot-datasource/pkg/plugin/dataquery/dimension_filter.go:76.3,76.38 1 1
github.com/startreedata/startree-grafana-pinot-datasource/pkg/plugin/dataquery/dimension_filter.go:78.2,78.21 1 1
github.com/startreedata/startree-grafana-pinot-datasource/pkg/plugin/dataquery/dimension_filter.go:78.21,80.3 1 1
github.com/startreedata/startree-grafana-pinot-datasource/pkg/plugin/dataquery/dimension_filter.go:82.2,82.57 1 1
github.com/startreedata/startree-grafana-pinot-datasource/pkg/plugin/dataquery/driver.go:13.118,14.16 1 1
github.com/startreedata/startree-grafana-pinot-datasource/pkg/plugin/dataquery/driver.go:14.16,16.3 1 1
github.com/startreedata/startree-grafana-pinot-datasource/pkg/plugin/dataquery/driver.go:18.2,18.25 1 1
github.com/startreedata/startree-grafana-pinot-datasource/pkg/plugin/dataquery/driver.go:19.24,20.57 1 1
github.com/startreedata/startree-grafana-pinot-datasource/pkg/plugin/dataquery/driver.go:21.23,29.10 1 1
github.com/startreedata/startree-grafana-pinot-datasource/pkg/plugin/dataquery/driver.go:30.35,38.10 1 1
github.com/startreedata/startree-grafana-pinot-datasource/pkg/plugin/dataquery/driver.go:40.2,40.29 1 0
github.com/startreedata/startree-grafana-pinot-datasource/pkg/plugin/dataquery/driver.go:43.125,44.27 1 1
github.com/startreedata/startree-grafana-pinot-datasource/pkg/plugin/dataquery/driver.go:44.27,47.3 1 0
github.com/startreedata/startree-grafana-pinot-datasource/pkg/plugin/dataquery/driver.go:49.2,50.16 2 1
github.com/startreedata/startree-grafana-pinot-datasource/pkg/plugin/dataquery/driver.go:50.16,52.3 1 0
github.com/startreedata/startree-grafana-pinot-datasource/pkg/plugin/dataquery/driver.go:54.2,54.26 1 1
github.com/startreedata/startree-grafana-pinot-datasource/pkg/plugin/dataquery/driver.go:55.25,72.5 1 1
github.com/startreedata/startree-grafana-pinot-datasource/pkg/plugin/dataquery/driver.go:73.22,74.30 1 1
github.com/startreedata/startree-grafana-pinot-datasource/pkg/plugin/dataquery/driver.go:74.30,76.4 1 0
github.com/startreedata/startree-grafana-pinot-datasource/pkg/plugin/dataquery/driver.go:77.3,89.5 1 1
github.com/startreedata/startree-grafana-pinot-datasource/pkg/plugin/dataquery/driver.go:90.10,91.30 1 0
github.com/startreedata/startree-grafana-pinot-datasource/pkg/plugin/dataquery/driver.go:99.72,101.2 1 1
github.com/startreedata/startree-grafana-pinot-datasource/pkg/plugin/dataquery/driver.go:103.178,105.16 2 1
github.com/startreedata/startree-grafana-pinot-datasource/pkg/plugin/dataquery/driver.go:105.16,107.3 1 1
github.com/startreedata/startree-grafana-pinot-datasource/pkg/plugin/dataquery/driver.go:107.8,107.27 1 1
github.com/startreedata/startree-grafana-pinot-datasource/pkg/plugin/dataquery/driver.go:107.27,109.3 1 1
github.com/startreedata/startree-grafana-pinot-datasource/pkg/plugin/dataquery/driver.go:109.8,109.33 1 1
github.com/startreedata/startree-grafana-pinot-datasource/pkg/plugin/dataquery/driver.go:109.33,111.3 1 1
github.com/startreedata/startree-grafana-pinot-datasource/pkg/plugin/dataquery/driver.go:111.8,113.3 1 1
github.com/startreedata/startree-grafana-pinot-datasource/pkg/plugin/dataquery/pinot_data_query.go:85.74,87.68 2 1
github.com/startreedata/startree-grafana-pinot-datasource/pkg/plugin/dataquery/pinot_data_query.go:87.68,89.3 1 0
github.com/startreedata/startree-grafana-pinot-datasource/pkg/plugin/dataquery/pinot_data_query.go:90.2,90.38 1 1
github.com/startreedata/startree-grafana-pinot-datasource/pkg/plugin/dataquery/pinot_data_query.go:90.38,92.3 1 1
github.com/startreedata/startree-grafana-pinot-datasource/pkg/plugin/dataquery/pinot_data_query.go:93.2,93.28 1 1
github.com/startreedata/startree-grafana-pinot-datasource/pkg/plugin/dataquery/pinot_ql_builder_driver.go:52.90,53.28 1 1
github.com/startreedata/startree-grafana-pinot-datasource/pkg/plugin/dataquery/pinot_ql_builder_driver.go:53.28,55.3 1 1
github.com/startreedata/startree-grafana-pinot-datasource/pkg/plugin/dataquery/pinot_ql_builder_driver.go:55.8,55.36 1 1
github.com/startreedata/startree-grafana-pinot-datasource/pkg/plugin/dataquery/pinot_ql_builder_driver.go:55.36,57.3 1 1
github.com/startreedata/startree-grafana-pinot-datasource/pkg/plugin/dataquery/pinot_ql_builder_driver.go:57.8,57.96 1 1
github.com/startreedata/startree-grafana-pinot-datasource/pkg/plugin/dataquery/pinot_ql_builder_driver.go:57.96,59.3 1 1
github.com/startreedata/startree-grafana-pinot-datasource/pkg/plugin/dataquery/pinot_ql_builder_driver.go:59.8,59.45 1 1
github.com/startreedata/startree-grafana-pinot-datasource/pkg/plugin/dataquery/pinot_ql_builder_driver.go:59.45,61.3 1 1
github.com/startreedata/startree-grafana-pinot-datasource/pkg/plugin/dataquery/pinot_ql_builder_driver.go:63.2,64.16 2 1
github.com/startreedata/startree-grafana-pinot-datasource/pkg/plugin/dataquery/pinot_ql_builder_driver.go:64.16,66.3 1 0
github.com/startreedata/startree-grafana-pinot-datasource/pkg/plugin/dataquery/pinot_ql_builder_driver.go:68.2,69.16 2 1
github.com/startreedata/startree-grafana-pinot-datasource/pkg/plugin/dataquery/pinot_ql_builder_driver.go:69.16,71.3 1 0
github.com/startreedata/startree-grafana-pinot-datasource/pkg/plugin/dataquery/pinot_ql_builder_driver.go:73.2,79.8 1 1
github.com/startreedata/startree-grafana-pinot-datasource/pkg/plugin/dataquery/pinot_ql_builder_driver.go:82.82,84.16 2 1
github.com/startreedata/startree-grafana-pinot-datasource/pkg/plugin/dataquery/pinot_ql_builder_driver.go:84.16,86.3 1 0
github.com/startreedata/startree-grafana-pinot-datasource/pkg/plugin/dataquery/pinot_ql_builder_driver.go:88.2,89.9 2 1
github.com/startreedata/startree-grafana-pinot-datasource/pkg/plugin/dataquery/pinot_ql_builder_driver.go:89.9,91.3 1 1
github.com/startreedata/startree-grafana-pinot-datasource/pkg/plugin/dataquery/pinot_ql_builder_driver.go:93.2,94.16 2 1
github.com/startreedata/startree-grafana-pinot-datasource/pkg/plugin/dataquery/pinot_ql_builder_driver.go:94.16,96.3 1 0
github.com/startreedata/startree-grafana-pinot-datasource/pkg/plugin/dataquery/pinot_ql_builder_driver.go:97.2,97.51 1 1
github.com/startreedata/startree-grafana-pinot-datasource/pkg/plugin/dataquery/pinot_ql_builder_driver.go:100.82,101.61 1 1
github.com/startreedata/startree-grafana-pinot-datasource/pkg/plugin/dataquery/pinot_ql_builder_driver.go:101.61,113.3 1 0
github.com/startreedata/startree-grafana-pinot-datasource/pkg/plugin/dataquery/pinot_ql_builder_driver.go:113.8,128.3 1 1
github.com/startreedata/startree-grafana-pinot-datasource/pkg/plugin/dataquery/pinot_ql_builder_driver.go:131.99,139.2 1 1
github.com/startreedata/startree-grafana-pinot-datasource/pkg/plugin/dataquery/pinot_ql_builder_driver.go:141.72,142.18 1 1
github.com/startreedata/startree-grafana-pinot-datasource/pkg/plugin/dataquery/pinot_ql_builder_driver.go:142.18,144.3 1 1
github.com/startreedata/startree-grafana-pinot-datasource/pkg/plugin/dataquery/pinot_ql_builder_driver.go:144.8,146.3 1 1
github.com/startreedata/startree-grafana-pinot-datasource/pkg/plugin/dataquery/pinot_ql_builder_driver.go:149.78,150.18 1 1
github.com/startreedata/startree-grafana-pinot-datasource/pkg/plugin/dataquery/pinot_ql_builder_driver.go:150.18,152.3 1 1
github.com/startreedata/startree-grafana-pinot-datasource/pkg/plugin/dataquery/pinot_ql_builder_driver.go:152.8,154.3 1 1
github.com/startreedata/startree-grafana-pinot-datasource/pkg/plugin/dataquery/pinot_ql_builder_driver.go:157.80,158.18 1 1
github.com/startreedata/startree-grafana-pinot-datasource/pkg/plugin/dataquery/pinot_ql_builder_driver.go:158.18,160.3 1 1
github.com/startreedata/startree-grafana-pinot-datasource/pkg/plugin/dataquery/pinot_ql_builder_driver.go:160.8,162.3 1 1
github.com/startreedata/startree-grafana-pinot-datasource/pkg/plugin/dataquery/pinot_ql_builder_driver.go:165.73,166.18 1 1
github.com/startreedata/startree-grafana-pinot-datasource/pkg/plugin/dataquery/pinot_ql_builder_driver.go:166.18,168.3 1 1
github.com/startreedata/startree-grafana-pinot-datasource/pkg/plugin/dataquery/pinot_ql_builder_driver.go:168.8,170.3 1 1
github.com/startreedata/startree-grafana-pinot-datasource/pkg/plugin/dataquery/pinot_ql_builder_driver.go:173.72,174.18 1 1
github.com/startreedata/startree-grafana-pinot-datasource/pkg/plugin/dataquery/pinot_ql_builder_driver.go:174.18,176.3 1 1
github.com/startreedata/startree-grafana-pinot-datasource/pkg/plugin/dataquery/pinot_ql_builder_driver.go:176.8,178.3 1 1
github.com/startreedata/startree-grafana-pinot-datasource/pkg/plugin/dataquery/pinot_ql_builder_driver.go:181.65,182.61 1 1
github.com/startreedata/startree-grafana-pinot-datasource/pkg/plugin/dataquery/pinot_ql_builder_driver.go:182.61,184.3 1 0
github.com/startreedata/startree-grafana-pinot-datasource/pkg/plugin/dataquery/pinot_ql_builder_driver.go:184.8,186.3 1 1
github.com/startreedata/startree-grafana-pinot-datasource/pkg/plugin/dataquery/pinot_ql_builder_driver.go:189.59,190.62 1 1
github.com/startreedata/startree-grafana-pinot-datasource/pkg/plugin/dataquery/pinot_ql_builder_driver.go:190.62,192.3 1 0
github.com/startreedata/startree-grafana-pinot-datasource/pkg/plugin/dataquery/pinot_ql_builder_driver.go:192.8,194.3 1 1
github.com/startreedata/startree-grafana-pinot-datasource/pkg/plugin/dataquery/pinot_ql_builder_driver.go:197.53,198.14 1 1
github.com/startreedata/startree-grafana-pinot-datasource/pkg/plugin/dataquery/pinot_ql_builder_driver.go:199.27,201.24 1 1
github.com/startreedata/startree-grafana-pinot-datasource/pkg/plugin/dataquery/pinot_ql_builder_driver.go:202.99,205.22 1 1
github.com/startreedata/startree-grafana-pinot-datasource/pkg/plugin/dataquery/pinot_ql_builder_driver.go:206.34,208.32 1 0
github.com/startreedata/startree-grafana-pinot-datasource/pkg/plugin/dataquery/pinot_ql_builder_driver.go:209.10,210.22 1 0
github.com/startreedata/startree-grafana-pinot-datasource/pkg/plugin/dataquery/pinot_ql_builder_driver.go:214.61,215.62 1 1
github.com/startreedata/startree-grafana-pinot-datasource/pkg/plugin/dataquery/pinot_ql_builder_driver.go:215.62,217.3 1 0
github.com/startreedata/startree-grafana-pinot-datasource/pkg/plugin/dataquery/pinot_ql_builder_driver.go:217.8,219.3 1 1
github.com/startreedata/startree-grafana-pinot-datasource/pkg/plugin/dataquery/pinot_ql_builder_driver.go:222.56,224.44 2 1
github.com/startreedata/startree-grafana-pinot-datasource/pkg/plugin/dataquery/pinot_ql_builder_driver.go:224.44,225.25 1 0
github.com/startreedata/startree-grafana-pinot-datasource/pkg/plugin/dataquery/pinot_ql_builder_driver.go:225.25,226.12 1 0
github.com/startreedata/startree-grafana-pinot-datasource/pkg/plugin/dataquery/pinot_ql_builder_driver.go:229.3,230.45 2 0
github.com/startreedata/startree-grafana-pinot-datasource/pkg/plugin/dataquery/pinot_ql_builder_driver.go:230.45,232.4 1 0
github.com/startreedata/startree-grafana-pinot-datasource/pkg/plugin/dataquery/pinot_ql_builder_driver.go:232.9,234.4 1 0
github.com/startreedata/startree-grafana-pinot-datasource/pkg/plugin/dataquery/pinot_ql_builder_driver.go:236.3,236.87 1 0
github.com/startreedata/startree-grafana-pinot-datasource/pkg/plugin/dataquery/pinot_ql_builder_driver.go:238.2,238.24 1 1
github.com/startreedata/startree-grafana-pinot-datasource/pkg/plugin/dataquery/pinot_ql_builder_driver.go:241.58,243.42 2 1
github.com/startreedata/startree-grafana-pinot-datasource/pkg/plugin/dataquery/pinot_ql_builder_driver.go:243.42,244.36 1 1
github.com/startreedata/startree-grafana-pinot-datasource/pkg/plugin/dataquery/pinot_ql_builder_driver.go:244.36,246.4 1 1
github.com/startreedata/startree-grafana-pinot-datasource/pkg/plugin/dataquery/pinot_ql_builder_driver.go:248.2,248.34 1 1
github.com/startreedata/startree-grafana-pinot-datasource/pkg/plugin/dataquery/pinot_ql_code_driver.go:36.87,37.28 1 1
github.com/startreedata/startree-grafana-pinot-datasource/pkg/plugin/dataquery/pinot_ql_code_driver.go:37.28,39.3 1 0
github.com/startreedata/startree-grafana-pinot-datasource/pkg/plugin/dataquery/pinot_ql_code_driver.go:39.8,39.37 1 1
github.com/startreedata/startree-grafana-pinot-datasource/pkg/plugin/dataquery/pinot_ql_code_driver.go:39.37,41.3 1 0
github.com/startreedata/startree-grafana-pinot-datasource/pkg/plugin/dataquery/pinot_ql_code_driver.go:41.8,41.30 1 1
github.com/startreedata/startree-grafana-pinot-datasource/pkg/plugin/dataquery/pinot_ql_code_driver.go:41.30,43.3 1 0
github.com/startreedata/startree-grafana-pinot-datasource/pkg/plugin/dataquery/pinot_ql_code_driver.go:45.2,45.34 1 1
github.com/startreedata/startree-grafana-pinot-datasource/pkg/plugin/dataquery/pinot_ql_code_driver.go:45.34,47.3 1 1
github.com/startreedata/startree-grafana-pinot-datasource/pkg/plugin/dataquery/pinot_ql_code_driver.go:48.2,48.35 1 1
github.com/startreedata/startree-grafana-pinot-datasource/pkg/plugin/dataquery/pinot_ql_code_driver.go:48.35,50.3 1 1
github.com/startreedata/startree-grafana-pinot-datasource/pkg/plugin/dataquery/pinot_ql_code_driver.go:51.2,51.36 1 1
github.com/startreedata/startree-grafana-pinot-datasource/pkg/plugin/dataquery/pinot_ql_code_driver.go:51.36,53.3 1 1
github.com/startreedata/startree-grafana-pinot-datasource/pkg/plugin/dataquery/pinot_ql_code_driver.go:55.2,67.8 2 1
github.com/startreedata/startree-grafana-pinot-datasource/pkg/plugin/dataquery/pinot_ql_code_driver.go:70.79,72.16 2 1
github.com/startreedata/startree-grafana-pinot-datasource/pkg/plugin/dataquery/pinot_ql_code_driver.go:72.16,74.3 1 0
github.com/startreedata/startree-grafana-pinot-datasource/pkg/plugin/dataquery/pinot_ql_code_driver.go:76.2,77.9 2 1
github.com/startreedata/startree-grafana-pinot-datasource/pkg/plugin/dataquery/pinot_ql_code_driver.go:77.9,79.3 1 1
github.com/startreedata/startree-grafana-pinot-datasource/pkg/plugin/dataquery/pinot_ql_code_driver.go:81.2,82.16 2 1
github.com/startreedata/startree-grafana-pinot-datasource/pkg/plugin/dataquery/pinot_ql_code_driver.go:82.16,84.3 1 0
github.com/startreedata/startree-grafana-pinot-datasource/pkg/plugin/dataquery/pinot_ql_code_driver.go:86.2,86.51 1 1
github.com/startreedata/startree-grafana-pinot-datasource/pkg/plugin/dataquery/pinot_ql_code_driver.go:89.62,91.16 2 1
github.com/startreedata/startree-grafana-pinot-datasource/pkg/plugin/dataquery/pinot_ql_code_driver.go:91.16,93.3 1 0
github.com/startreedata/startree-grafana-pinot-datasource/pkg/plugin/dataquery/pinot_ql_code_driver.go:94.2,94.22 1 1
github.com/startreedata/startree-grafana-pinot-datasource/pkg/plugin/dataquery/pinot_ql_code_driver.go:97.96,98.30 1 1
github.com/startreedata/startree-grafana-pinot-datasource/pkg/plugin/dataquery/pinot_ql_code_driver.go:99.24,100.40 1 1
github.com/startreedata/startree-grafana-pinot-datasource/pkg/plugin/dataquery/pinot_ql_code_driver.go:101.29,102.45 1 1
github.com/startreedata/startree-grafana-pinot-datasource/pkg/plugin/dataquery/pinot_ql_code_driver.go:103.10,104.45 1 0
github.com/startreedata/startree-grafana-pinot-datasource/pkg/plugin/dataquery/pinot_ql_code_driver.go:108.106,116.2 1 1
github.com/startreedata/startree-grafana-pinot-datasource/pkg/plugin/dataquery/pinot_ql_code_driver.go:118.101,122.20 3 1
github.com/startreedata/startree-grafana-pinot-datasource/pkg/plugin/dataquery/pinot_ql_code_driver.go:122.20,124.3 1 1
github.com/startreedata/startree-grafana-pinot-datasource/pkg/plugin/dataquery/pinot_ql_code_driver.go:126.2,126.57 1 1
github.com/startreedata/startree-grafana-pinot-datasource/pkg/plugin/dataquery/pinot_ql_code_driver.go:126.57,127.23 1 1
github.com/startreedata/startree-grafana-pinot-datasource/pkg/plugin/dataquery/pinot_ql_code_driver.go:127.23,128.12 1 1
github.com/startreedata/startree-grafana-pinot-datasource/pkg/plugin/dataquery/pinot_ql_code_driver.go:130.3,130.85 1 1
github.com/startreedata/startree-grafana-pinot-datasource/pkg/plugin/dataquery/pinot_ql_code_driver.go:132.2,132.19 1 1
github.com/startreedata/startree-grafana-pinot-datasource/pkg/plugin/dataquery/pinot_ql_code_driver.go:135.96,137.16 2 1
github.com/startreedata/startree-grafana-pinot-datasource/pkg/plugin/dataquery/pinot_ql_code_driver.go:137.16,139.3 1 0
github.com/startreedata/startree-grafana-pinot-datasource/pkg/plugin/dataquery/pinot_ql_code_driver.go:141.2,142.16 2 1
github.com/startreedata/startree-grafana-pinot-datasource/pkg/plugin/dataquery/pinot_ql_code_driver.go:142.16,144.3 1 0
github.com/startreedata/startree-grafana-pinot-datasource/pkg/plugin/dataquery/pinot_ql_code_driver.go:146.2,146.71 1 1
github.com/startreedata/startree-grafana-pinot-datasource/pkg/plugin/dataquery/pinot_variable_query_driver.go:37.93,38.29 1 1
github.com/startreedata/startree-grafana-pinot-datasource/pkg/plugin/dataquery/pinot_variable_query_driver.go:38.29,40.3 1 1
github.com/startreedata/startree-grafana-pinot-datasource/pkg/plugin/dataquery/pinot_variable_query_driver.go:42.2,42.50 1 1
github.com/startreedata/startree-grafana-pinot-datasource/pkg/plugin/dataquery/pinot_variable_query_driver.go:45.86,46.31 1 1
github.com/startreedata/startree-grafana-pinot-datasource/pkg/plugin/dataquery/pinot_variable_query_driver.go:47.34,48.29 1 1
github.com/startreedata/startree-grafana-pinot-datasource/pkg/plugin/dataquery/pinot_variable_query_driver.go:49.35,50.30 1 1
github.com/startreedata/startree-grafana-pinot-datasource/pkg/plugin/dataquery/pinot_variable_query_driver.go:51.39,52.34 1 1
github.com/startreedata/startree-grafana-pinot-datasource/pkg/plugin/dataquery/pinot_variable_query_driver.go:53.36,54.30 1 1
github.com/startreedata/startree-grafana-pinot-datasource/pkg/plugin/dataquery/pinot_variable_query_driver.go:55.10,56.32 1 0
github.com/startreedata/startree-grafana-pinot-datasource/pkg/plugin/dataquery/pinot_variable_query_driver.go:60.92,62.19 2 1
github.com/startreedata/startree-grafana-pinot-datasource/pkg/plugin/dataquery/pinot_variable_query_driver.go:62.19,64.3 1 0
github.com/startreedata/startree-grafana-pinot-datasource/pkg/plugin/dataquery/pinot_variable_query_driver.go:66.2,70.16 3 1
github.com/startreedata/startree-grafana-pinot-datasource/pkg/plugin/dataquery/pinot_variable_query_driver.go:70.16,72.3 1 0
github.com/startreedata/startree-grafana-pinot-datasource/pkg/plugin/dataquery/pinot_variable_query_driver.go:74.2,75.9 2 1
github.com/startreedata/startree-grafana-pinot-datasource/pkg/plugin/dataquery/pinot_variable_query_driver.go:75.9,77.3 1 0
github.com/startreedata/startree-grafana-pinot-datasource/pkg/plugin/dataquery/pinot_variable_query_driver.go:79.2,80.57 2 1
github.com/startreedata/startree-grafana-pinot-datasource/pkg/plugin/dataquery/pinot_variable_query_driver.go:80.57,81.72 1 1
github.com/startreedata/startree-grafana-pinot-datasource/pkg/plugin/dataquery/pinot_variable_query_driver.go:81.72,84.4 1 1
github.com/startreedata/startree-grafana-pinot-datasource/pkg/plugin/dataquery/pinot_variable_query_driver.go:86.2,88.51 3 1
github.com/startreedata/startree-grafana-pinot-datasource/pkg/plugin/dataquery/pinot_variable_query_driver.go:91.96,92.59 1 1
github.com/startreedata/startree-grafana-pinot-datasource/pkg/plugin/dataquery/pinot_variable_query_driver.go:92.59,94.3 1 0
github.com/startreedata/startree-grafana-pinot-datasource/pkg/plugin/dataquery/pinot_variable_query_driver.go:96.2,100.16 2 1
github.com/startreedata/startree-grafana-pinot-datasource/pkg/plugin/dataquery/pinot_variable_query_driver.go:100.16,102.3 1 0
github.com/startreedata/startree-grafana-pinot-datasource/pkg/plugin/dataquery/pinot_variable_query_driver.go:104.2,105.9 2 1
github.com/startreedata/startree-grafana-pinot-datasource/pkg/plugin/dataquery/pinot_variable_query_driver.go:105.9,107.3 1 0
github.com/startreedata/startree-grafana-pinot-datasource/pkg/plugin/dataquery/pinot_variable_query_driver.go:109.2,111.51 3 1
github.com/startreedata/startree-grafana-pinot-datasource/pkg/plugin/dataquery/pinot_variable_query_driver.go:114.92,115.30 1 1
github.com/startreedata/startree-grafana-pinot-datasource/pkg/plugin/dataquery/pinot_variable_query_driver.go:115.30,117.3 1 0
github.com/startreedata/startree-grafana-pinot-datasource/pkg/plugin/dataquery/pinot_variable_query_driver.go:118.2,119.37 2 1
github.com/startreedata/startree-grafana-pinot-datasource/pkg/plugin/dataquery/pinot_variable_query_driver.go:119.37,121.3 1 0
github.com/startreedata/startree-grafana-pinot-datasource/pkg/plugin/dataquery/pinot_variable_query_driver.go:121.8,121.23 1 1
github.com/startreedata/startree-grafana-pinot-datasource/pkg/plugin/dataquery/pinot_variable_query_driver.go:121.23,123.3 1 0
github.com/startreedata/startree-grafana-pinot-datasource/pkg/plugin/dataquery/pinot_variable_query_driver.go:125.2,126.87 2 1
github.com/startreedata/startree-grafana-pinot-datasource/pkg/plugin/dataquery/pinot_variable_query_driver.go:126.87,127.50 1 1
github.com/startreedata/startree-grafana-pinot-datasource/pkg/plugin/dataquery/pinot_variable_query_driver.go:127.50,129.4 1 1
github.com/startreedata/startree-grafana-pinot-datasource/pkg/plugin/dataquery/pinot_variable_query_driver.go:131.2,131.85 1 1
github.com/startreedata/startree-grafana-pinot-datasource/pkg/plugin/dataquery/pinot_variable_query_driver.go:131.85,132.48 1 1
github.com/startreedata/startree-grafana-pinot-datasource/pkg/plugin/dataquery/pinot_variable_query_driver.go:132.48,134.4 1 1
github.com/startreedata/startree-grafana-pinot-datasource/pkg/plugin/dataquery/pinot_variable_query_driver.go:136.2,136.88 1 1
github.com/startreedata/startree-grafana-pinot-datasource/pkg/plugin/dataquery/pinot_variable_query_driver.go:136.88,137.51 1 1
github.com/startreedata/startree-grafana-pinot-datasource/pkg/plugin/dataquery/pinot_variable_query_driver.go:137.51,139.4 1 1
github.com/startreedata/startree-grafana-pinot-datasource/pkg/plugin/dataquery/pinot_variable_query_driver.go:142.2,143.33 2 1
github.com/startreedata/startree-grafana-pinot-datasource/pkg/plugin/dataquery/pinot_variable_query_driver.go:146.91,148.37 2 1
github.com/startreedata/startree-grafana-pinot-datasource/pkg/plugin/dataquery/pinot_variable_query_driver.go:148.37,150.3 1 0
github.com/startreedata/startree-grafana-pinot-datasource/pkg/plugin/dataquery/pinot_variable_query_driver.go:150.8,150.23 1 1
github.com/startreedata/startree-grafana-pinot-datasource/pkg/plugin/dataquery/pinot_variable_query_driver.go:150.23,152.3 1 0
github.com/startreedata/startree-grafana-pinot-datasource/pkg/plugin/dataquery/pinot_variable_query_driver.go:153.2,154.33 2 1
github.com/startreedata/startree-grafana-pinot-datasource/pkg/plugin/dataquery/promql_driver.go:28.71,32.2 1 1
github.com/startreedata/startree-grafana-pinot-datasource/pkg/plugin/dataquery/promql_driver.go:34.74,35.50 1 1
github.com/startreedata/startree-grafana-pinot-datasource/pkg/plugin/dataquery/promql_driver.go:35.50,37.3 1 0
github.com/startreedata/startree-grafana-pinot-datasource/pkg/plugin/dataquery/promql_driver.go:39.2,47.16 2 1
github.com/startreedata/startree-grafana-pinot-datasource/pkg/plugin/dataquery/promql_driver.go:47.16,49.3 1 0
github.com/startreedata/startree-grafana-pinot-datasource/pkg/plugin/dataquery/promql_driver.go:51.2,52.37 2 1
github.com/startreedata/startree-grafana-pinot-datasource/pkg/plugin/dataquery/promql_driver.go:55.57,56.27 1 0
github.com/startreedata/startree-grafana-pinot-datasource/pkg/plugin/dataquery/promql_driver.go:56.27,58.3 1 0
github.com/startreedata/startree-grafana-pinot-datasource/pkg/plugin/dataquery/promql_driver.go:59.2,62.41 3 0
github.com/startreedata/startree-grafana-pinot-datasource/pkg/plugin/dataquery/promql_driver.go:62.41,65.3 2 0
github.com/startreedata/startree-grafana-pinot-datasource/pkg/plugin/dataquery/sql_macros.go:35.60,37.2 1 1
github.com/startreedata/startree-grafana-pinot-datasource/pkg/plugin/dataquery/sql_macros.go:39.65,56.4 2 1
github.com/startreedata/startree-grafana-pinot-datasource/pkg/plugin/dataquery/sql_macros.go:56.4,58.17 2 1
github.com/startreedata/startree-grafana-pinot-datasource/pkg/plugin/dataquery/sql_macros.go:58.17,60.4 1 1
github.com/startreedata/startree-grafana-pinot-datasource/pkg/plugin/dataquery/sql_macros.go:62.2,62.38 1 1
github.com/startreedata/startree-grafana-pinot-datasource/pkg/plugin/dataquery/sql_macros.go:65.68,66.73 1 1
github.com/startreedata/startree-grafana-pinot-datasource/pkg/plugin/dataquery/sql_macros.go:66.73,68.3 1 1
github.com/startreedata/startree-grafana-pinot-datasource/pkg/plugin/dataquery/sql_macros.go:71.69,72.81 1 1
github.com/startreedata/startree-grafana-pinot-datasource/pkg/plugin/dataquery/sql_macros.go:72.81,73.20 1 1
github.com/startreedata/startree-grafana-pinot-datasource/pkg/plugin/dataquery/sql_macros.go:73.20,75.4 1 1
github.com/startreedata/startree-grafana-pinot-datasource/pkg/plugin/dataquery/sql_macros.go:76.3,77.17 2 1
github.com/startreedata/startree-grafana-pinot-datasource/pkg/plugin/dataquery/sql_macros.go:77.17,79.4 1 0
github.com/startreedata/startree-grafana-pinot-datasource/pkg/plugin/dataquery/sql_macros.go:81.3,82.20 2 1
github.com/startreedata/startree-grafana-pinot-datasource/pkg/plugin/dataquery/sql_macros.go:82.20,84.4 1 1
github.com/startreedata/startree-grafana-pinot-datasource/pkg/plugin/dataquery/sql_macros.go:86.3,87.17 2 1
github.com/startreedata/startree-grafana-pinot-datasource/pkg/plugin/dataquery/sql_macros.go:87.17,89.4 1 0
github.com/startreedata/startree-grafana-pinot-datasource/pkg/plugin/dataquery/sql_macros.go:91.3,91.102 1 1
github.com/startreedata/startree-grafana-pinot-datasource/pkg/plugin/dataquery/sql_macros.go:95.68,96.80 1 1
github.com/startreedata/startree-grafana-pinot-datasource/pkg/plugin/dataquery/sql_macros.go:96.80,97.37 1 1
github.com/startreedata/startree-grafana-pinot-datasource/pkg/plugin/dataquery/sql_macros.go:97.37,99.4 1 1
github.com/startreedata/startree-grafana-pinot-datasource/pkg/plugin/dataquery/sql_macros.go:100.3,103.17 3 1
github.com/startreedata/startree-grafana-pinot-datasource/pkg/plugin/dataquery/sql_macros.go:103.17,105.4 1 0
github.com/startreedata/startree-grafana-pinot-datasource/pkg/plugin/dataquery/sql_macros.go:107.3,108.20 2 1
github.com/startreedata/startree-grafana-pinot-datasource/pkg/plugin/dataquery/sql_macros.go:108.20,110.4 1 1
github.com/startreedata/startree-grafana-pinot-datasource/pkg/plugin/dataquery/sql_macros.go:112.3,113.17 2 1
github.com/startreedata/startree-grafana-pinot-datasource/pkg/plugin/dataquery/sql_macros.go:113.17,115.4 1 0
github.com/startreedata/startree-grafana-pinot-datasource/pkg/plugin/dataquery/sql_macros.go:117.3,117.54 1 1
github.com/startreedata/startree-grafana-pinot-datasource/pkg/plugin/dataquery/sql_macros.go:121.65,122.77 1 1
github.com/startreedata/startree-grafana-pinot-datasource/pkg/plugin/dataquery/sql_macros.go:122.77,123.20 1 1
github.com/startreedata/startree-grafana-pinot-datasource/pkg/plugin/dataquery/sql_macros.go:123.20,125.4 1 1
github.com/startreedata/startree-grafana-pinot-datasource/pkg/plugin/dataquery/sql_macros.go:126.3,129.17 3 1
github.com/startreedata/startree-grafana-pinot-datasource/pkg/plugin/dataquery/sql_macros.go:129.17,131.4 1 0
github.com/startreedata/startree-grafana-pinot-datasource/pkg/plugin/dataquery/sql_macros.go:132.3,132.37 1 1
github.com/startreedata/startree-grafana-pinot-datasource/pkg/plugin/dataquery/sql_macros.go:136.67,137.79 1 1
github.com/startreedata/startree-grafana-pinot-datasource/pkg/plugin/dataquery/sql_macros.go:137.79,138.20 1 1
github.com/startreedata/startree-grafana-pinot-datasource/pkg/plugin/dataquery/sql_macros.go:138.20,140.4 1 1
github.com/startreedata/startree-grafana-pinot-datasource/pkg/plugin/dataquery/sql_macros.go:141.3,144.17 3 1
github.com/startreedata/startree-grafana-pinot-datasource/pkg/plugin/dataquery/sql_macros.go:144.17,146.4 1 0
github.com/startreedata/startree-grafana-pinot-datasource/pkg/plugin/dataquery/sql_macros.go:147.3,147.39 1 1
github.com/startreedata/startree-grafana-pinot-datasource/pkg/plugin/dataquery/sql_macros.go:151.68,152.77 1 1
github.com/startreedata/startree-grafana-pinot-datasource/pkg/plugin/dataquery/sql_macros.go:152.77,154.3 1 1
github.com/startreedata/startree-grafana-pinot-datasource/pkg/plugin/dataquery/sql_macros.go:157.70,158.79 1 1
github.com/startreedata/startree-grafana-pinot-datasource/pkg/plugin/dataquery/sql_macros.go:158.79,160.3 1 1
github.com/startreedata/startree-grafana-pinot-datasource/pkg/plugin/dataquery/sql_macros.go:163.75,164.87 1 1
github.com/startreedata/startree-grafana-pinot-datasource/pkg/plugin/dataquery/sql_macros.go:164.87,165.20 1 1
github.com/startreedata/startree-grafana-pinot-datasource/pkg/plugin/dataquery/sql_macros.go:165.20,167.4 1 1
github.com/startreedata/startree-grafana-pinot-datasource/pkg/plugin/dataquery/sql_macros.go:168.3,170.17 3 1
github.com/startreedata/startree-grafana-pinot-datasource/pkg/plugin/dataquery/sql_macros.go:170.17,172.4 1 0
github.com/startreedata/startree-grafana-pinot-datasource/pkg/plugin/dataquery/sql_macros.go:174.3,175.20 2 1
github.com/startreedata/startree-grafana-pinot-datasource/pkg/plugin/dataquery/sql_macros.go:175.20,177.4 1 1
github.com/startreedata/startree-grafana-pinot-datasource/pkg/plugin/dataquery/sql_macros.go:179.3,180.17 2 1
github.com/startreedata/startree-grafana-pinot-datasource/pkg/plugin/dataquery/sql_macros.go:180.17,182.4 1 0
github.com/startreedata/startree-grafana-pinot-datasource/pkg/plugin/dataquery/sql_macros.go:184.3,184.102 1 1
github.com/startreedata/startree-grafana-pinot-datasource/pkg/plugin/dataquery/sql_macros.go:188.71,189.80 1 1
github.com/startreedata/startree-grafana-pinot-datasource/pkg/plugin/dataquery/sql_macros.go:189.80,191.3 1 1
github.com/startreedata/startree-grafana-pinot-datasource/pkg/plugin/dataquery/sql_macros.go:194.73,195.82 1 1
github.com/startreedata/startree-grafana-pinot-datasource/pkg/plugin/dataquery/sql_macros.go:195.82,197.3 1 1
github.com/startreedata/startree-grafana-pinot-datasource/pkg/plugin/dataquery/sql_macros.go:200.76,201.88 1 1
github.com/startreedata/startree-grafana-pinot-datasource/pkg/plugin/dataquery/sql_macros.go:201.88,202.20 1 1
github.com/startreedata/startree-grafana-pinot-datasource/pkg/plugin/dataquery/sql_macros.go:202.20,204.4 1 1
github.com/startreedata/startree-grafana-pinot-datasource/pkg/plugin/dataquery/sql_macros.go:206.3,207.17 2 1
github.com/startreedata/startree-grafana-pinot-datasource/pkg/plugin/dataquery/sql_macros.go:207.17,209.4 1 0
github.com/startreedata/startree-grafana-pinot-datasource/pkg/plugin/dataquery/sql_macros.go:210.3,210.57 1 1
github.com/startreedata/startree-grafana-pinot-datasource/pkg/plugin/dataquery/sql_macros.go:214.70,215.79 1 1
github.com/startreedata/startree-grafana-pinot-datasource/pkg/plugin/dataquery/sql_macros.go:215.79,217.3 1 1
github.com/startreedata/startree-grafana-pinot-datasource/pkg/plugin/dataquery/sql_macros.go:220.110,222.62 2 1
github.com/startreedata/startree-grafana-pinot-datasource/pkg/plugin/dataquery/sql_macros.go:222.62,225.17 3 1
github.com/startreedata/startree-grafana-pinot-datasource/pkg/plugin/dataquery/sql_macros.go:225.17,228.4 2 1
github.com/startreedata/startree-grafana-pinot-datasource/pkg/plugin/dataquery/sql_macros.go:229.3,229.64 1 1
github.com/startreedata/startree-grafana-pinot-datasource/pkg/plugin/dataquery/sql_macros.go:231.2,231.19 1 1
github.com/startreedata/startree-grafana-pinot-datasource/pkg/plugin/dataquery/sql_macros.go:234.67,238.29 4 1
github.com/startreedata/startree-grafana-pinot-datasource/pkg/plugin/dataquery/sql_macros.go:238.29,239.23 1 1
github.com/startreedata/startree-grafana-pinot-datasource/pkg/plugin/dataquery/sql_macros.go:239.23,242.4 2 1
github.com/startreedata/startree-grafana-pinot-datasource/pkg/plugin/dataquery/sql_macros.go:242.9,244.4 1 1
github.com/startreedata/startree-grafana-pinot-datasource/pkg/plugin/dataquery/sql_macros.go:246.2,246.18 1 1
github.com/startreedata/startree-grafana-pinot-datasource/pkg/plugin/dataquery/sql_macros.go:249.53,250.22 1 1
github.com/startreedata/startree-grafana-pinot-datasource/pkg/plugin/dataquery/sql_macros.go:250.22,252.3 1 0
github.com/startreedata/startree-grafana-pinot-datasource/pkg/plugin/dataquery/sql_macros.go:253.2,254.24 2 1
github.com/startreedata/startree-grafana-pinot-datasource/pkg/plugin/dataquery/sql_macros.go:254.24,256.3 1 1
github.com/startreedata/startree-grafana-pinot-datasource/pkg/plugin/dataquery/sql_macros.go:258.2,261.25 4 1
github.com/startreedata/startree-grafana-pinot-datasource/pkg/plugin/dataquery/sql_macros.go:261.25,263.3 1 1
github.com/startreedata/startree-grafana-pinot-datasource/pkg/plugin/dataquery/sql_macros.go:264.2,264.25 1 1
github.com/startreedata/startree-grafana-pinot-datasource/pkg/plugin/dataquery/sql_macros.go:267.41,269.60 1 1
github.com/startreedata/startree-grafana-pinot-datasource/pkg/plugin/dataquery/sql_macros.go:269.60,271.3 1 1
github.com/startreedata/startree-grafana-pinot-datasource/pkg/plugin/dataquery/sql_macros.go:271.8,273.3 1 0
github.com/startreedata/startree-grafana-pinot-datasource/pkg/plugin/dataquery/sql_macros.go:276.44,277.60 1 1
github.com/startreedata/startree-grafana-pinot-datasource/pkg/plugin/dataquery/sql_macros.go:277.60,279.3 1 1
github.com/startreedata/startree-grafana-pinot-datasource/pkg/plugin/dataquery/sql_macros.go:279.8,281.3 1 0
github.com/startreedata/startree-grafana-pinot-datasource/pkg/plugin/dataquery/time_granularity.go:21.102,22.65 1 1
github.com/startreedata/startree-grafana-pinot-datasource/pkg/plugin/dataquery/time_granularity.go:22.65,27.3 1 1
github.com/startreedata/startree-grafana-pinot-datasource/pkg/plugin/dataquery/time_granularity.go:29.2,30.16 2 1
github.com/startreedata/startree-grafana-pinot-datasource/pkg/plugin/dataquery/time_granularity.go:30.16,32.3 1 1
github.com/startreedata/startree-grafana-pinot-datasource/pkg/plugin/dataquery/time_granularity.go:34.2,37.8 1 1
github.com/startreedata/startree-grafana-pinot-datasource/pkg/plugin/dataquery/time_granularity.go:40.59,41.9 1 1
github.com/startreedata/startree-grafana-pinot-datasource/pkg/plugin/dataquery/time_granularity.go:42.31,43.58 1 1
github.com/startreedata/startree-grafana-pinot-datasource/pkg/plugin/dataquery/time_granularity.go:44.33,45.62 1 1
github.com/startreedata/startree-grafana-pinot-datasource/pkg/plugin/dataquery/time_granularity.go:46.33,47.62 1 1
github.com/startreedata/startree-grafana-pinot-datasource/pkg/plugin/dataquery/time_granularity.go:48.38,49.72 1 1
github.com/startreedata/startree-grafana-pinot-datasource/pkg/plugin/dataquery/time_granularity.go:50.38,51.72 1 1
github.com/startreedata/startree-grafana-pinot-datasource/pkg/plugin/dataquery/time_granularity.go:52.10,53.70 1 1
github.com/startreedata/startree-grafana-pinot-datasource/pkg/plugin/dataquery/time_granularity.go:57.70,61.22 4 1
github.com/startreedata/startree-grafana-pinot-datasource/pkg/plugin/dataquery/time_granularity.go:61.22,64.3 2 1
github.com/startreedata/startree-grafana-pinot-datasource/pkg/plugin/dataquery/time_granularity.go:64.8,66.19 2 1
github.com/startreedata/startree-grafana-pinot-datasource/pkg/plugin/dataquery/time_granularity.go:66.19,68.4 1 0
github.com/startreedata/startree-grafana-pinot-datasource/pkg/plugin/dataquery/time_granularity.go:69.3,69.23 1 1
github.com/startreedata/startree-grafana-pinot-datasource/pkg/plugin/dataquery/time_granularity.go:72.2,72.35 1 1
github.com/startreedata/startree-grafana-pinot-datasource/pkg/plugin/dataquery/time_granularity.go:73.21,74.56 1 1
github.com/startreedata/startree-grafana-pinot-datasource/pkg/plugin/dataquery/time_granularity.go:75.22,76.57 1 1
github.com/startreedata/startree-grafana-pinot-datasource/pkg/plugin/dataquery/time_granularity.go:77.22,78.57 1 1
github.com/startreedata/startree-grafana-pinot-datasource/pkg/plugin/dataquery/time_granularity.go:79.17,80.52 1 1
github.com/startreedata/startree-grafana-pinot-datasource/pkg/plugin/dataquery/time_granularity.go:81.17,82.52 1 1
github.com/startreedata/startree-grafana-pinot-datasource/pkg/plugin/dataquery/time_granularity.go:83.15,84.50 1 1
github.com/startreedata/startree-grafana-pinot-datasource/pkg/plugin/dataquery/time_granularity.go:85.14,86.55 1 1
github.com/startreedata/startree-grafana-pinot-datasource/pkg/plugin/dataquery/time_granularity.go:87.10,88.59 1 1
github.com/startreedata/startree-grafana-pinot-datasource/pkg/plugin/dataquery/time_series.go:40.124,44.30 3 1
github.com/startreedata/startree-grafana-pinot-datasource/pkg/plugin/dataquery/time_series.go:44.30,51.3 3 1
github.com/startreedata/startree-grafana-pinot-datasource/pkg/plugin/dataquery/time_series.go:52.2,52.15 1 1
github.com/startreedata/startree-grafana-pinot-datasource/pkg/plugin/dataquery/time_series.go:55.119,57.16 2 1
github.com/startreedata/startree-grafana-pinot-datasource/pkg/plugin/dataquery/time_series.go:57.16,59.3 1 0
github.com/startreedata/startree-grafana-pinot-datasource/pkg/plugin/dataquery/time_series.go:61.2,62.60 2 1
github.com/startreedata/startree-grafana-pinot-datasource/pkg/plugin/dataquery/time_series.go:62.60,64.3 1 0
github.com/startreedata/startree-grafana-pinot-datasource/pkg/plugin/dataquery/time_series.go:66.2,67.38 2 1
github.com/startreedata/startree-grafana-pinot-datasource/pkg/plugin/dataquery/time_series.go:67.38,73.3 3 1
github.com/startreedata/startree-grafana-pinot-datasource/pkg/plugin/dataquery/time_series.go:74.2,76.50 2 1
github.com/startreedata/startree-grafana-pinot-datasource/pkg/plugin/dataquery/time_series.go:79.145,81.16 2 1
github.com/startreedata/startree-grafana-pinot-datasource/pkg/plugin/dataquery/time_series.go:81.16,83.3 1 0
github.com/startreedata/startree-grafana-pinot-datasource/pkg/plugin/dataquery/time_series.go:85.2,86.16 2 1
github.com/startreedata/startree-grafana-pinot-datasource/pkg/plugin/dataquery/time_series.go:86.16,88.3 1 0
github.com/startreedata/startree-grafana-pinot-datasource/pkg/plugin/dataquery/time_series.go:90.2,91.16 2 1
github.com/startreedata/startree-grafana-pinot-datasource/pkg/plugin/dataquery/time_series.go:91.16,93.3 1 0
github.com/startreedata/startree-grafana-pinot-datasource/pkg/plugin/dataquery/time_series.go:94.2,97.74 3 1
github.com/startreedata/startree-grafana-pinot-datasource/pkg/plugin/dataquery/time_series.go:97.74,98.50 1 1
github.com/startreedata/startree-grafana-pinot-datasource/pkg/plugin/dataquery/time_series.go:98.50,99.12 1 1
github.com/startreedata/startree-grafana-pinot-datasource/pkg/plugin/dataquery/time_series.go:101.3,102.67 2 0
github.com/startreedata/startree-grafana-pinot-datasource/pkg/plugin/dataquery/time_series.go:105.2,106.31 2 1
github.com/startreedata/startree-grafana-pinot-datasource/pkg/plugin/dataquery/time_series.go:106.31,108.3 1 0
github.com/startreedata/startree-grafana-pinot-datasource/pkg/plugin/dataquery/time_series.go:109.2,112.57 3 1
github.com/startreedata/startree-grafana-pinot-datasource/pkg/plugin/dataquery/time_series.go:112.57,114.39 2 1
github.com/startreedata/startree-grafana-pinot-datasource/pkg/plugin/dataquery/time_series.go:114.39,119.4 1 0
github.com/startreedata/startree-grafana-pinot-datasource/pkg/plugin/dataquery/time_series.go:121.3,125.4 1 1
github.com/startreedata/startree-grafana-pinot-datasource/pkg/plugin/dataquery/time_series.go:128.2,128.21 1 1
github.com/startreedata/startree-grafana-pinot-datasource/pkg/plugin/dataquery/time_series.go:131.87,135.30 3 1
github.com/startreedata/startree-grafana-pinot-datasource/pkg/plugin/dataquery/time_series.go:135.30,137.3 1 1
github.com/startreedata/startree-grafana-pinot-datasource/pkg/plugin/dataquery/time_series.go:139.2,143.30 4 1
github.com/startreedata/startree-grafana-pinot-datasource/pkg/plugin/dataquery/time_series.go:143.30,145.41 2 1
github.com/startreedata/startree-grafana-pinot-datasource/pkg/plugin/dataquery/time_series.go:145.41,147.37 2 1
github.com/startreedata/startree-grafana-pinot-datasource/pkg/plugin/dataquery/time_series.go:147.37,149.5 1 0
github.com/startreedata/startree-grafana-pinot-datasource/pkg/plugin/dataquery/time_series.go:150.4,154.5 1 1
github.com/startreedata/startree-grafana-pinot-datasource/pkg/plugin/dataquery/time_series.go:156.3,158.47 3 1
github.com/startreedata/startree-grafana-pinot-datasource/pkg/plugin/dataquery/time_series.go:161.2,162.35 2 1
github.com/startreedata/startree-grafana-pinot-datasource/pkg/plugin/dataquery/time_series.go:162.35,164.3 1 1
github.com/startreedata/startree-grafana-pinot-datasource/pkg/plugin/dataquery/time_series.go:165.2,165.30 1 1
github.com/startreedata/startree-grafana-pinot-datasource/pkg/plugin/dataquery/time_series.go:168.50,171.33 3 1
github.com/startreedata/startree-grafana-pinot-datasource/pkg/plugin/dataquery/time_series.go:171.33,173.21 2 1
github.com/startreedata/startree-grafana-pinot-datasource/pkg/plugin/dataquery/time_series.go:173.21,176.4 2 1
github.com/startreedata/startree-grafana-pinot-datasource/pkg/plugin/dataquery/time_series.go:178.2,178.18 1 1
github.com/startreedata/startree-grafana-pinot-datasource/pkg/plugin/dataquery/time_series.go:191.57,192.20 1 1
github.com/startreedata/startree-grafana-pinot-datasource/pkg/plugin/dataquery/time_series.go:192.20,194.25 2 1
github.com/startreedata/startree-grafana-pinot-datasource/pkg/plugin/dataquery/time_series.go:194.25,196.4 1 1
github.com/startreedata/startree-grafana-pinot-datasource/pkg/plugin/dataquery/time_series.go:199.2,199.33 1 1
github.com/startreedata/startree-grafana-pinot-datasource/pkg/plugin/dataquery/time_series.go:199.33,201.118 1 1
github.com/startreedata/startree-grafana-pinot-datasource/pkg/plugin/dataquery/time_series.go:204.2,204.24 1 1
github.com/startreedata/startree-grafana-pinot-datasource/pkg/plugin/dataquery/time_series.go:204.24,207.10 3 1
github.com/startreedata/startree-grafana-pinot-datasource/pkg/plugin/dataquery/time_series.go:207.10,208.80 1 1
github.com/startreedata/startree-grafana-pinot-datasource/pkg/plugin/dataquery/time_series.go:211.3,211.17 1 1
github.com/startreedata/startree-grafana-pinot-datasource/pkg/plugin/dataquery/time_series.go:211.17,213.112 1 1
github.com/startreedata/startree-grafana-pinot-datasource/pkg/plugin/dataquery/time_series.go:217.2,217.22 1 1
github.com/startreedata/startree-grafana-pinot-datasource/pkg/plugin/dataquery/time_series.go:217.22,219.3 1 1
github.com/startreedata/startree-grafana-pinot-datasource/pkg/plugin/dataquery/time_series.go:221.2,221.21 1 1
github.com/startreedata/startree-grafana-pinot-datasource/pkg/plugin/dataquery/time_series.go:221.21,223.3 1 1
github.com/startreedata/startree-grafana-pinot-datasource/pkg/plugin/dataquery/time_series.go:224.2,224.24 1 1
github.com/startreedata/startree-grafana-pinot-datasource/pkg/plugin/dataquery/time_series.go:224.24,226.3 1 1
github.com/startreedata/startree-grafana-pinot-datasource/pkg/plugin/dataquery/time_series.go:227.2,228.37 2 1
github.com/startreedata/startree-grafana-pinot-datasource/pkg/plugin/dataquery/time_series.go:228.37,230.31 2 1
github.com/startreedata/startree-grafana-pinot-datasource/pkg/plugin/dataquery/time_series.go:230.31,233.4 2 1
github.com/startreedata/startree-grafana-pinot-datasource/pkg/plugin/dataquery/time_series.go:234.3,234.31 1 1
github.com/startreedata/startree-grafana-pinot-datasource/pkg/plugin/dataquery/time_series.go:237.2,238.35 2 1
github.com/startreedata/startree-grafana-pinot-datasource/pkg/plugin/dataquery/time_series.go:238.35,241.3 2 1
github.com/startreedata/startree-grafana-pinot-datasource/pkg/plugin/dataquery/time_series.go:242.2,242.24 1 1
github.com/startreedata/startree-grafana-pinot-datasource/pkg/plugin/dataquery/time_series.go:249.73,250.26 1 1
github.com/startreedata/startree-grafana-pinot-datasource/pkg/plugin/dataquery/time_series.go:250.26,252.3 1 1
github.com/startreedata/startree-grafana-pinot-datasource/pkg/plugin/dataquery/time_series.go:253.2,253.38 1 1
github.com/startreedata/startree-grafana-pinot-datasource/pkg/plugin/dataquery/time_series.go:253.38,255.3 1 1
github.com/startreedata/startree-grafana-pinot-datasource/pkg/plugin/dataquery/time_series.go:256.2,258.16 3 1
github.com/startreedata/startree-grafana-pinot-datasource/pkg/plugin/dataquery/time_series.go:258.16,261.3 2 0
github.com/startreedata/startree-grafana-pinot-datasource/pkg/plugin/dataquery/time_series.go:262.2,263.11 2 1
github.com/startreedata/startree-grafana-pinot-datasource/pkg/plugin/dataquery/time_series.go:266.92,268.37 2 1
github.com/startreedata/startree-grafana-pinot-datasource/pkg/plugin/dataquery/time_series.go:268.37,270.3 1 1
github.com/startreedata/startree-grafana-pinot-datasource/pkg/plugin/dataquery/time_series.go:272.2,272.31 1 1
[...]
github.com/startreedata/startree-grafana-pinot-datasource/pkg/plugin/pinotlib/time_series.go:115.2,117.52 2 0
github.com/startreedata/startree-grafana-pinot-datasource/pkg/plugin/pinotlib/time_series.go:120.128,122.16 2 1
github.com/startreedata/startree-grafana-pinot-datasource/pkg/plugin/pinotlib/time_series.go:122.16,124.3 1 0
github.com/startreedata/startree-grafana-pinot-datasource/pkg/plugin/pinotlib/time_series.go:126.2,126.41 1 1
github.com/startreedata/startree-grafana-pinot-datasource/pkg/plugin/pinotlib/time_series.go:126.41,128.3 1 1
github.com/startreedata/startree-grafana-pinot-datasource/pkg/plugin/pinotlib/time_series.go:130.2,130.45 1 1
github.com/startreedata/startree-grafana-pinot-datasource/pkg/plugin/pinotlib/time_series.go:130.45,133.3 2 1
github.com/startreedata/startree-grafana-pinot-datasource/pkg/plugin/pinotlib/time_series.go:135.2,144.16 9 1
github.com/startreedata/startree-grafana-pinot-datasource/pkg/plugin/pinotlib/time_series.go:144.16,146.3 1 0
github.com/startreedata/startree-grafana-pinot-datasource/pkg/plugin/pinotlib/time_series.go:148.2,150.69 3 1
github.com/startreedata/startree-grafana-pinot-datasource/pkg/plugin/pinotlib/time_series.go:150.69,152.3 1 0
github.com/startreedata/startree-grafana-pinot-datasource/pkg/plugin/pinotlib/time_series.go:153.2,153.19 1 1
github.com/startreedata/startree-grafana-pinot-datasource/pkg/plugin/pinotlib/time_series.go:156.83,160.16 2 1
github.com/startreedata/startree-grafana-pinot-datasource/pkg/plugin/pinotlib/time_series.go:160.16,162.3 1 0
github.com/startreedata/startree-grafana-pinot-datasource/pkg/plugin/pinotlib/time_series.go:164.2,173.34 9 1
github.com/startreedata/startree-grafana-pinot-datasource/pkg/plugin/pinotlib/time_series.go:173.34,174.25 1 1
github.com/startreedata/startree-grafana-pinot-datasource/pkg/plugin/pinotlib/time_series.go:174.25,176.18 2 1
github.com/startreedata/startree-grafana-pinot-datasource/pkg/plugin/pinotlib/time_series.go:176.18,179.5 2 0
github.com/startreedata/startree-grafana-pinot-datasource/pkg/plugin/pinotlib/time_series.go:179.10,179.46 1 1
github.com/startreedata/startree-grafana-pinot-datasource/pkg/plugin/pinotlib/time_series.go:179.46,181.5 1 1
github.com/startreedata/startree-grafana-pinot-datasource/pkg/plugin/pinotlib/time_series.go:182.4,182.13 1 1
github.com/startreedata/startree-grafana-pinot-datasource/pkg/plugin/pinotlib/time_series.go:185.2,188.6 3 1
github.com/startreedata/startree-grafana-pinot-datasource/pkg/plugin/pinotlib/time_series.go:188.6,189.10 1 1
github.com/startreedata/startree-grafana-pinot-datasource/pkg/plugin/pinotlib/time_series.go:190.28,191.36 1 1
github.com/startreedata/startree-grafana-pinot-datasource/pkg/plugin/pinotlib/time_series.go:192.23,193.19 1 0
github.com/startreedata/startree-grafana-pinot-datasource/pkg/plugin/pinotlib/time_series.go:194.11,195.23 1 1
github.com/startreedata/startree-grafana-pinot-datasource/pkg/plugin/pinotlib/time_series.go:206.118,208.22 1 1
github.com/startreedata/startree-grafana-pinot-datasource/pkg/plugin/pinotlib/time_series.go:208.22,210.3 1 1
github.com/startreedata/startree-grafana-pinot-datasource/pkg/plugin/pinotlib/time_series.go:212.2,213.16 2 1
github.com/startreedata/startree-grafana-pinot-datasource/pkg/plugin/pinotlib/time_series.go:213.16,215.3 1 0
github.com/startreedata/startree-grafana-pinot-datasource/pkg/plugin/pinotlib/time_series.go:217.2,223.16 2 1
github.com/startreedata/startree-grafana-pinot-datasource/pkg/plugin/pinotlib/time_series.go:223.16,225.3 1 0
github.com/startreedata/startree-grafana-pinot-datasource/pkg/plugin/pinotlib/time_series.go:227.2,229.21 3 1
github.com/startreedata/startree-grafana-pinot-datasource/pkg/plugin/pinotlib/time_series.go:239.120,241.22 1 1
github.com/startreedata/startree-grafana-pinot-datasource/pkg/plugin/pinotlib/time_series.go:241.22,243.3 1 1
github.com/startreedata/startree-grafana-pinot-datasource/pkg/plugin/pinotlib/time_series.go:245.2,246.16 2 1
github.com/startreedata/startree-grafana-pinot-datasource/pkg/plugin/pinotlib/time_series.go:246.16,248.3 1 0
github.com/startreedata/startree-grafana-pinot-datasource/pkg/plugin/pinotlib/time_series.go:249.2,249.32 1 1
github.com/startreedata/startree-grafana-pinot-datasource/pkg/plugin/pinotlib/time_series.go:260.122,262.22 1 1
github.com/startreedata/startree-grafana-pinot-datasource/pkg/plugin/pinotlib/time_series.go:262.22,264.3 1 1
github.com/startreedata/startree-grafana-pinot-datasource/pkg/plugin/pinotlib/time_series.go:266.2,267.16 2 1
github.com/startreedata/startree-grafana-pinot-datasource/pkg/plugin/pinotlib/time_series.go:267.16,269.3 1 0
github.com/startreedata/startree-grafana-pinot-datasource/pkg/plugin/pinotlib/time_series.go:270.2,270.48 1 1
github.com/startreedata/startree-grafana-pinot-datasource/pkg/plugin/pinotlib/time_series.go:275.44,277.21 2 1
github.com/startreedata/startree-grafana-pinot-datasource/pkg/plugin/pinotlib/time_series.go:277.21,279.3 1 1
github.com/startreedata/startree-grafana-pinot-datasource/pkg/plugin/pinotlib/time_series.go:280.2,281.14 2 1
github.com/startreedata/startree-grafana-pinot-datasource/pkg/plugin/pinotlib/time_series.go:284.56,288.2 3 1
github.com/startreedata/startree-grafana-pinot-datasource/pkg/plugin/pinotlib/time_series.go:290.51,291.27 1 1
github.com/startreedata/startree-grafana-pinot-datasource/pkg/plugin/pinotlib/time_series.go:291.27,293.3 1 1
github.com/startreedata/startree-grafana-pinot-datasource/pkg/plugin/pinotlib/time_series.go:294.2,294.20 1 1
github.com/startreedata/startree-grafana-pinot-datasource/pkg/plugin/pinotlib/time_series.go:297.159,299.80 2 1
github.com/startreedata/startree-grafana-pinot-datasource/pkg/plugin/pinotlib/time_series.go:299.80,303.17 2 1
github.com/startreedata/startree-grafana-pinot-datasource/pkg/plugin/pinotlib/time_series.go:303.17,305.4 1 0
github.com/startreedata/startree-grafana-pinot-datasource/pkg/plugin/pinotlib/time_series.go:307.3,308.23 2 1
github.com/startreedata/startree-grafana-pinot-datasource/pkg/plugin/pinotlib/time_series.go:308.23,310.4 1 1
github.com/startreedata/startree-grafana-pinot-datasource/pkg/plugin/pinotlib/time_series.go:312.3,319.17 2 1
github.com/startreedata/startree-grafana-pinot-datasource/pkg/plugin/pinotlib/time_series.go:319.17,321.4 1 0
github.com/startreedata/startree-grafana-pinot-datasource/pkg/plugin/pinotlib/time_series.go:323.3,324.17 2 1
github.com/startreedata/startree-grafana-pinot-datasource/pkg/plugin/pinotlib/time_series.go:324.17,326.4 1 0
github.com/startreedata/startree-grafana-pinot-datasource/pkg/plugin/pinotlib/time_series.go:328.3,329.17 2 1
github.com/startreedata/startree-grafana-pinot-datasource/pkg/plugin/pinotlib/time_series.go:329.17,331.4 1 0
github.com/startreedata/startree-grafana-pinot-datasource/pkg/plugin/pinotlib/time_series.go:333.3,334.38 2 1
github.com/startreedata/startree-grafana-pinot-datasource/pkg/plugin/pinotlib/time_series.go:334.38,335.28 1 1
github.com/startreedata/startree-grafana-pinot-datasource/pkg/plugin/pinotlib/time_series.go:335.28,337.5 1 1
github.com/startreedata/startree-grafana-pinot-datasource/pkg/plugin/pinotlib/time_series.go:339.3,339.25 1 1
github.com/startreedata/startree-grafana-pinot-datasource/pkg/plugin/pinotlib/time_series.go:343.94,345.16 2 1
github.com/startreedata/startree-grafana-pinot-datasource/pkg/plugin/pinotlib/time_series.go:345.16,347.3 1 1
github.com/startreedata/startree-grafana-pinot-datasource/pkg/plugin/pinotlib/time_series.go:349.2,349.45 1 1
github.com/startreedata/startree-grafana-pinot-datasource/pkg/plugin/pinotlib/time_series.go:352.55,354.55 2 1
github.com/startreedata/startree-grafana-pinot-datasource/pkg/plugin/pinotlib/time_series.go:354.55,355.96 1 1
github.com/startreedata/startree-grafana-pinot-datasource/pkg/plugin/pinotlib/time_series.go:355.96,357.9 2 1
github.com/startreedata/startree-grafana-pinot-datasource/pkg/plugin/pinotlib/time_series.go:360.2,360.21 1 1
github.com/startreedata/startree-grafana-pinot-datasource/pkg/plugin/pinotlib/time_series.go:360.21,362.3 1 1
github.com/startreedata/startree-grafana-pinot-datasource/pkg/plugin/pinotlib/time_series.go:364.2,365.55 2 1
github.com/startreedata/startree-grafana-pinot-datasource/pkg/plugin/pinotlib/time_series.go:365.55,366.90 1 1
github.com/startreedata/startree-grafana-pinot-datasource/pkg/plugin/pinotlib/time_series.go:366.90,368.9 2 1
github.com/startreedata/startree-grafana-pinot-datasource/pkg/plugin/pinotlib/time_series.go:371.2,371.21 1 1
github.com/startreedata/startree-grafana-pinot-datasource/pkg/plugin/pinotlib/time_series.go:371.21,373.3 1 0
github.com/startreedata/startree-grafana-pinot-datasource/pkg/plugin/pinotlib/time_series.go:375.2,376.52 2 1
github.com/startreedata/startree-grafana-pinot-datasource/pkg/plugin/pinotlib/time_series.go:376.52,377.97 1 1
github.com/startreedata/startree-grafana-pinot-datasource/pkg/plugin/pinotlib/time_series.go:377.97,379.9 2 1
github.com/startreedata/startree-grafana-pinot-datasource/pkg/plugin/pinotlib/time_series.go:382.2,382.20 1 1
github.com/startreedata/startree-grafana-pinot-datasource/pkg/plugin/pinotlib/time_series.go:382.20,384.3 1 0
github.com/startreedata/startree-grafana-pinot-datasource/pkg/plugin/pinotlib/time_series.go:386.2,387.54 2 1
github.com/startreedata/startree-grafana-pinot-datasource/pkg/plugin/pinotlib/time_series.go:387.54,388.98 1 1
github.com/startreedata/startree-grafana-pinot-datasource/pkg/plugin/pinotlib/time_series.go:388.98,390.9 2 1
github.com/startreedata/startree-grafana-pinot-datasource/pkg/plugin/pinotlib/time_series.go:391.9,391.100 1 1
github.com/startreedata/startree-grafana-pinot-datasource/pkg/plugin/pinotlib/time_series.go:391.100,393.9 2 1
github.com/startreedata/startree-grafana-pinot-datasource/pkg/plugin/pinotlib/time_series.go:396.2,396.17 1 1
github.com/startreedata/startree-grafana-pinot-datasource/pkg/plugin/pinotlib/time_series.go:396.17,398.3 1 0
github.com/startreedata/startree-grafana-pinot-datasource/pkg/plugin/pinotlib/time_series.go:400.2,400.13 1 1
github.com/startreedata/startree-grafana-pinot-datasource/pkg/plugin/pinotlib/time_series.go:403.108,405.2 1 1
github.com/startreedata/startree-grafana-pinot-datasource/pkg/plugin/pinotlib/pinottest/setup.go:39.25,40.33 1 1
github.com/startreedata/startree-grafana-pinot-datasource/pkg/plugin/pinotlib/pinottest/setup.go:40.33,92.42 6 1
github.com/startreedata/startree-grafana-pinot-datasource/pkg/plugin/pinotlib/pinottest/setup.go:92.42,94.36 2 1
github.com/startreedata/startree-grafana-pinot-datasource/pkg/plugin/pinotlib/pinottest/setup.go:94.36,98.5 3 0
github.com/startreedata/startree-grafana-pinot-datasource/pkg/plugin/pinotlib/pinottest/setup.go:99.4,99.35 1 1
github.com/startreedata/startree-grafana-pinot-datasource/pkg/plugin/pinotlib/pinottest/setup.go:99.35,102.5 2 0
github.com/startreedata/startree-grafana-pinot-datasource/pkg/plugin/pinotlib/pinottest/setup.go:103.4,103.60 1 1
github.com/startreedata/startree-grafana-pinot-datasource/pkg/plugin/pinotlib/pinottest/setup.go:103.60,109.42 4 0
github.com/startreedata/startree-grafana-pinot-datasource/pkg/plugin/pinotlib/pinottest/setup.go:109.42,113.28 4 0
github.com/startreedata/startree-grafana-pinot-datasource/pkg/plugin/pinotlib/pinottest/setup.go:113.28,114.35 1 0
github.com/startreedata/startree-grafana-pinot-datasource/pkg/plugin/pinotlib/pinottest/setup.go:116.6,118.79 3 0
github.com/startreedata/startree-grafana-pinot-datasource/pkg/plugin/pinotlib/pinottest/setup.go:123.3,123.28 1 1
github.com/startreedata/startree-grafana-pinot-datasource/pkg/plugin/pinotlib/pinottest/setup.go:123.28,125.4 1 1
github.com/startreedata/startree-grafana-pinot-datasource/pkg/plugin/pinotlib/pinottest/setup.go:126.3,128.39 2 1
github.com/startreedata/startree-grafana-pinot-datasource/pkg/plugin/pinotlib/pinottest/setup.go:132.70,139.6 5 0
github.com/startreedata/startree-grafana-pinot-datasource/pkg/plugin/pinotlib/pinottest/setup.go:139.6,142.35 3 0
github.com/startreedata/startree-grafana-pinot-datasource/pkg/plugin/pinotlib/pinottest/setup.go:142.35,143.38 1 0
github.com/startreedata/startree-grafana-pinot-datasource/pkg/plugin/pinotlib/pinottest/setup.go:143.38,145.5 1 0
github.com/startreedata/startree-grafana-pinot-datasource/pkg/plugin/pinotlib/pinottest/setup.go:147.3,147.36 1 0
github.com/startreedata/startree-grafana-pinot-datasource/pkg/plugin/pinotlib/pinottest/setup.go:147.36,149.4 1 0
github.com/startreedata/startree-grafana-pinot-datasource/pkg/plugin/pinotlib/pinottest/setup.go:151.3,151.10 1 0
github.com/startreedata/startree-grafana-pinot-datasource/pkg/plugin/pinotlib/pinottest/setup.go:152.26,153.74 1 0
github.com/startreedata/startree-grafana-pinot-datasource/pkg/plugin/pinotlib/pinottest/setup.go:154.23,154.23 0 0
github.com/startreedata/startree-grafana-pinot-datasource/pkg/plugin/pinotlib/pinottest/setup.go:159.110,166.6 5 0
github.com/startreedata/startree-grafana-pinot-datasource/pkg/plugin/pinotlib/pinottest/setup.go:166.6,168.35 2 0
github.com/startreedata/startree-grafana-pinot-datasource/pkg/plugin/pinotlib/pinottest/setup.go:168.35,169.82 1 0
github.com/startreedata/startree-grafana-pinot-datasource/pkg/plugin/pinotlib/pinottest/setup.go:169.82,171.5 1 0
github.com/startreedata/startree-grafana-pinot-datasource/pkg/plugin/pinotlib/pinottest/setup.go:174.3,174.10 1 0
github.com/startreedata/startree-grafana-pinot-datasource/pkg/plugin/pinotlib/pinottest/setup.go:175.26,176.99 1 0
github.com/startreedata/startree-grafana-pinot-datasource/pkg/plugin/pinotlib/pinottest/setup.go:177.23,177.23 0 0
github.com/startreedata/startree-grafana-pinot-datasource/pkg/plugin/pinotlib/pinottest/setup.go:182.53,195.20 10 0
github.com/startreedata/startree-grafana-pinot-datasource/pkg/plugin/pinotlib/pinottest/setup.go:195.20,196.70 1 0
github.com/startreedata/startree-grafana-pinot-datasource/pkg/plugin/pinotlib/pinottest/setup.go:198.2,198.24 1 0
github.com/startreedata/startree-grafana-pinot-datasource/pkg/plugin/pinotlib/pinottest/setup.go:206.66,216.2 9 0
github.com/startreedata/startree-grafana-pinot-datasource/pkg/plugin/pinotlib/pinottest/setup.go:218.38,226.2 6 0
github.com/startreedata/startree-grafana-pinot-datasource/pkg/plugin/pinotlib/pinottest/setup.go:228.54,234.2 4 0
github.com/startreedata/startree-grafana-pinot-datasource/pkg/plugin/pinotlib/pinottest/setup.go:236.32,237.16 1 1
github.com/startreedata/startree-grafana-pinot-datasource/pkg/plugin/pinotlib/pinottest/setup.go:237.16,238.13 1 0
github.com/startreedata/startree-grafana-pinot-datasource/pkg/plugin/pinotlib/pinottest/setup.go:242.42,249.25 5 1
github.com/startreedata/startree-grafana-pinot-datasource/pkg/plugin/pinotlib/pinottest/setup.go:249.25,254.17 5 1
github.com/startreedata/startree-grafana-pinot-datasource/pkg/plugin/pinotlib/pinottest/setup.go:254.17,256.4 1 0
github.com/startreedata/startree-grafana-pinot-datasource/pkg/plugin/pinotlib/pinottest/setup.go:257.3,259.39 2 1
github.com/startreedata/startree-grafana-pinot-datasource/pkg/plugin/pinotlib/pinottest/setup.go:259.39,261.4 1 0
github.com/startreedata/startree-grafana-pinot-datasource/pkg/plugin/pinotlib/pinottest/setup.go:262.3,270.47 6 1
github.com/startreedata/startree-grafana-pinot-datasource/pkg/plugin/pinotlib/pinottest/setup.go:270.47,271.11 1 1
github.com/startreedata/startree-grafana-pinot-datasource/pkg/plugin/pinotlib/pinottest/setup.go:272.51,273.25 1 1
github.com/startreedata/startree-grafana-pinot-datasource/pkg/plugin/pinotlib/pinottest/setup.go:274.47,275.21 1 1
github.com/startreedata/startree-grafana-pinot-datasource/pkg/plugin/pinotlib/pinottest/setup.go:276.47,277.21 1 1
github.com/startreedata/startree-grafana-pinot-datasource/pkg/plugin/pinotlib/pinottest/setup.go:280.3,280.49 1 1
github.com/startreedata/startree-grafana-pinot-datasource/pkg/plugin/pinotlib/pinottest/setup.go:283.2,283.15 1 1
github.com/startreedata/startree-grafana-pinot-datasource/pkg/plugin/pinotlib/pinottest/setup.go:283.15,285.3 1 1
github.com/startreedata/startree-grafana-pinot-datasource/pkg/plugin/pinotlib/pinottest/setup.go:286.2,287.6 2 0
github.com/startreedata/startree-grafana-pinot-datasource/pkg/plugin/pinotlib/pinottest/setup.go:287.6,288.10 1 0
github.com/startreedata/startree-grafana-pinot-datasource/pkg/plugin/pinotlib/pinottest/setup.go:289.26,290.40 1 0
github.com/startreedata/startree-grafana-pinot-datasource/pkg/plugin/pinotlib/pinottest/setup.go:291.23,292.17 1 0
github.com/startreedata/startree-grafana-pinot-datasource/pkg/plugin/pinotlib/pinottest/setup.go:292.17,294.5 1 0
github.com/startreedata/startree-grafana-pinot-datasource/pkg/plugin/pinotlib/pinottest/setup.go:299.43,307.80 6 1
github.com/startreedata/startree-grafana-pinot-datasource/pkg/plugin/pinotlib/pinottest/setup.go:307.80,308.68 1 0
github.com/startreedata/startree-grafana-pinot-datasource/pkg/plugin/pinotlib/pinottest/setup.go:310.2,310.41 1 1
github.com/startreedata/startree-grafana-pinot-datasource/pkg/plugin/pinotlib/pinottest/setup.go:313.43,336.2 17 0
github.com/startreedata/startree-grafana-pinot-datasource/pkg/plugin/pinotlib/pinottest/setup.go:338.67,345.25 5 0
github.com/startreedata/startree-grafana-pinot-datasource/pkg/plugin/pinotlib/pinottest/setup.go:345.25,352.3 6 0
github.com/startreedata/startree-grafana-pinot-datasource/pkg/plugin/pinotlib/pinottest/setup.go:354.2,354.15 1 0
github.com/startreedata/startree-grafana-pinot-datasource/pkg/plugin/pinotlib/pinottest/setup.go:354.15,356.3 1 0
github.com/startreedata/startree-grafana-pinot-datasource/pkg/plugin/pinotlib/pinottest/setup.go:357.2,357.6 1 0
github.com/startreedata/startree-grafana-pinot-datasource/pkg/plugin/pinotlib/pinottest/setup.go:357.6,358.10 1 0
github.com/startreedata/startree-grafana-pinot-datasource/pkg/plugin/pinotlib/pinottest/setup.go:359.26,360.69 1 0
github.com/startreedata/startree-grafana-pinot-datasource/pkg/plugin/pinotlib/pinottest/setup.go:361.23,362.17 1 0
github.com/startreedata/startree-grafana-pinot-datasource/pkg/plugin/pinotlib/pinottest/setup.go:362.17,364.5 1 0
github.com/startreedata/startree-grafana-pinot-datasource/pkg/plugin/pinotlib/pinottest/setup.go:369.41,377.80 6 1
github.com/startreedata/startree-grafana-pinot-datasource/pkg/plugin/pinotlib/pinottest/setup.go:377.80,378.68 1 0
github.com/startreedata/startree-grafana-pinot-datasource/pkg/plugin/pinotlib/pinottest/setup.go:380.2,380.41 1 1
github.com/startreedata/startree-grafana-pinot-datasource/pkg/plugin/pinotlib/pinottest/setup.go:383.43,384.33 1 0
github.com/startreedata/startree-grafana-pinot-datasource/pkg/plugin/pinotlib/pinottest/setup.go:384.33,401.3 12 0
github.com/startreedata/startree-grafana-pinot-datasource/pkg/plugin/pinotlib/pinottest/setup.go:403.2,405.25 3 0
github.com/startreedata/startree-grafana-pinot-datasource/pkg/plugin/pinotlib/pinottest/setup.go:405.25,407.28 2 0
github.com/startreedata/startree-grafana-pinot-datasource/pkg/plugin/pinotlib/pinottest/setup.go:407.28,409.4 1 0
github.com/startreedata/startree-grafana-pinot-datasource/pkg/plugin/pinotlib/pinottest/setup.go:411.2,411.27 1 0
github.com/startreedata/startree-grafana-pinot-datasource/pkg/plugin/pinotlib/pinottest/setup.go:411.27,412.66 1 0
github.com/startreedata/startree-grafana-pinot-datasource/pkg/plugin/pinotlib/pinottest/setup.go:416.42,439.38 11 1
github.com/startreedata/startree-grafana-pinot-datasource/pkg/plugin/pinotlib/pinottest/setup.go:439.38,440.89 1 0
github.com/startreedata/startree-grafana-pinot-datasource/pkg/plugin/pinotlib/pinottest/setup.go:442.2,444.44 2 1
github.com/startreedata/startree-grafana-pinot-datasource/pkg/plugin/pinotlib/pinottest/setup.go:447.69,481.2 23 0
github.com/startreedata/startree-grafana-pinot-datasource/pkg/plugin/pinotlib/pinottest/setup.go:483.43,484.38 1 0
github.com/startreedata/startree-grafana-pinot-datasource/pkg/plugin/pinotlib/pinottest/setup.go:484.38,486.85 2 0
github.com/startreedata/startree-grafana-pinot-datasource/pkg/plugin/pinotlib/pinottest/setup.go:490.34,492.2 1 1
